Warning[207] C:\USERS\MANU\DESKTOP\ASSEMBLER\COUNTER_7SEG_BUTTON.X\MAIN.ASM 17 : Found label after column 1. (UNITS)
Warning[207] C:\USERS\MANU\DESKTOP\ASSEMBLER\COUNTER_7SEG_BUTTON.X\MAIN.ASM 18 : Found label after column 1. (TENS)
Warning[207] C:\USERS\MANU\DESKTOP\ASSEMBLER\COUNTER_7SEG_BUTTON.X\MAIN.ASM 19 : Found label after column 1. (LIM_UNIT)
Warning[207] C:\USERS\MANU\DESKTOP\ASSEMBLER\COUNTER_7SEG_BUTTON.X\MAIN.ASM 20 : Found label after column 1. (LIM_TENS)
Warning[207] C:\USERS\MANU\DESKTOP\ASSEMBLER\COUNTER_7SEG_BUTTON.X\MAIN.ASM 21 : Found label after column 1. (DISP_ON)
Warning[207] C:\USERS\MANU\DESKTOP\ASSEMBLER\COUNTER_7SEG_BUTTON.X\MAIN.ASM 22 : Found label after column 1. (DISP_Q)
Warning[207] C:\USERS\MANU\DESKTOP\ASSEMBLER\COUNTER_7SEG_BUTTON.X\MAIN.ASM 23 : Found label after column 1. (CNT1)
Warning[207] C:\USERS\MANU\DESKTOP\ASSEMBLER\COUNTER_7SEG_BUTTON.X\MAIN.ASM 24 : Found label after column 1. (CNT2)
Warning[207] C:\USERS\MANU\DESKTOP\ASSEMBLER\COUNTER_7SEG_BUTTON.X\MAIN.ASM 25 : Found label after column 1. (SAVE_S)
Warning[207] C:\USERS\MANU\DESKTOP\ASSEMBLER\COUNTER_7SEG_BUTTON.X\MAIN.ASM 26 : Found label after column 1. (SAVE_W)
Message[302] C:\USERS\MANU\DESKTOP\ASSEMBLER\COUNTER_7SEG_BUTTON.X\MAIN.ASM 48 : Register in operand not in bank 0.  Ensure that bank bits are correct.
Message[302] C:\USERS\MANU\DESKTOP\ASSEMBLER\COUNTER_7SEG_BUTTON.X\MAIN.ASM 49 : Register in operand not in bank 0.  Ensure that bank bits are correct.
Message[302] C:\USERS\MANU\DESKTOP\ASSEMBLER\COUNTER_7SEG_BUTTON.X\MAIN.ASM 50 : Register in operand not in bank 0.  Ensure that bank bits are correct.
Message[302] C:\USERS\MANU\DESKTOP\ASSEMBLER\COUNTER_7SEG_BUTTON.X\MAIN.ASM 52 : Register in operand not in bank 0.  Ensure that bank bits are correct.
Message[302] C:\USERS\MANU\DESKTOP\ASSEMBLER\COUNTER_7SEG_BUTTON.X\MAIN.ASM 55 : Register in operand not in bank 0.  Ensure that bank bits are correct.
Message[302] C:\USERS\MANU\DESKTOP\ASSEMBLER\COUNTER_7SEG_BUTTON.X\MAIN.ASM 56 : Register in operand not in bank 0.  Ensure that bank bits are correct.
Message[302] C:\USERS\MANU\DESKTOP\ASSEMBLER\COUNTER_7SEG_BUTTON.X\MAIN.ASM 59 : Register in operand not in bank 0.  Ensure that bank bits are correct.
Message[302] C:\USERS\MANU\DESKTOP\ASSEMBLER\COUNTER_7SEG_BUTTON.X\MAIN.ASM 61 : Register in operand not in bank 0.  Ensure that bank bits are correct.
Message[302] C:\USERS\MANU\DESKTOP\ASSEMBLER\COUNTER_7SEG_BUTTON.X\MAIN.ASM 69 : Register in operand not in bank 0.  Ensure that bank bits are correct.
Message[305] C:\USERS\MANU\DESKTOP\ASSEMBLER\COUNTER_7SEG_BUTTON.X\MAIN.ASM 87 : Using default destination of 1 (file).
Warning[207] C:\USERS\MANU\DESKTOP\ASSEMBLER\COUNTER_7SEG_BUTTON.X\MAIN.ASM 130 : Found label after column 1. (LOOP)
Message[305] C:\USERS\MANU\DESKTOP\ASSEMBLER\COUNTER_7SEG_BUTTON.X\MAIN.ASM 132 : Using default destination of 1 (file).
Message[305] C:\USERS\MANU\DESKTOP\ASSEMBLER\COUNTER_7SEG_BUTTON.X\MAIN.ASM 134 : Using default destination of 1 (file).
