MPASM 5.84                          3-14.ASM   4-20-2023  16:30:14         PAGE  1


LOC  OBJECT CODE     LINE SOURCE TEXT
  VALUE

                      00001 ; **************************************************************************
                      00002 ; Escribir un programa que convierta un conjunto de números de 4 bits en su 
                      00003 ; equivalente en código Gray. Estos números tienen su nibble
                      00004 ; superior en 0 y el inferior contiene un número binario natural. 
                      00005 ; Son 20 números ubicados a partir del Registro 120H. Utilizar tabla.
                      00006 ; **************************************************************************
                      00007                 
                      00008                 LIST P=16F887
                      00009                 #INCLUDE <p16f887.inc>
                      00001         LIST
                      00002 
                      00003 ;==========================================================================
                      00004 ; Build date : Mar 17 2019
                      00005 ;  MPASM PIC16F887 processor include
                      00006 ; 
                      00007 ;  (c) Copyright 1999-2019 Microchip Technology, All rights reserved
                      00008 ;==========================================================================
                      00009 
                      00810         LIST
                      00010 
Warning[207]: Found label after column 1. (COUNTER)
  00000110            00011                 COUNTER         EQU 0x110   
Warning[207]: Found label after column 1. (POINTER)
  00000111            00012                 POINTER         EQU 0x111   
Warning[207]: Found label after column 1. (FIRST_DIR)
  00000020            00013                 FIRST_DIR       EQU 0x20   ; Lugar de memoria del primer valor a convertir
                      00014         
                      00015                 ORG 0x00
0000   2???           00016                 GOTO START
                      00017                 ORG 0x05
                      00018                 
                      00019 ; *******************************************************************
                      00020 ; ************************ SUBRUTINAS *******************************
                      00021 ; *******************************************************************
                      00022 
                      00023 ; Desplazarme entre bancos de memoria
0005   1383           00024 BANK_0      BCF STATUS, IRP         ; Bank 0-00
0006   1283           00025             BCF STATUS, RP0         
0007   1303           00026             BCF STATUS, RP1
0008   0008           00027             RETURN
0009   1383           00028 BANK_1      BCF STATUS, IRP         ; Bank 0-01
000A   1683           00029             BSF STATUS, RP0
000B   1303           00030             BCF STATUS, RP1
000C   0008           00031             RETURN
000D                  00032 BANK_2      
                      00033 ;           BSF STATUS, IRP         ; De manera indirecta
                      00034 ;           BCF FSR, 7
000D   1783           00035             BSF STATUS, IRP         ; Bank 1-10
000E   1283           00036             BCF STATUS, RP0 
000F   1703           00037             BSF STATUS, RP1
0010   0008           00038             RETURN
0011   1783           00039 BANK_3      BSF STATUS, IRP         ; Bank 1-11 
0012   1683           00040             BSF STATUS, RP0         
MPASM 5.84                          3-14.ASM   4-20-2023  16:30:14         PAGE  2


LOC  OBJECT CODE     LINE SOURCE TEXT
  VALUE

0013   1703           00041             BSF STATUS, RP1
0014   0008           00042             RETURN              
                      00043 
                      00044 ; Subrutina para cargar valores a posiciones de memoria consecutivas
0015   3014           00045 LOAD_VALUES     MOVLW d'20'         ; Cargo 20 al contador, es decir 20 valores
Message[302]: Register in operand not in bank 0.  Ensure that bank bits are correct.
0016   0090           00046                 MOVWF COUNTER       
0017   3020           00047                 MOVLW FIRST_DIR 
0018   0084           00048                 MOVWF FSR                       
0019   3010           00049                 MOVLW h'10'         ; Escribe 08h en los 20 lugares  
001A   0080           00050 VAL_LOOP        MOVWF INDF                      
001B   0A84           00051                 INCF FSR, f
001C   3E01           00052                 ADDLW d'01'         ; Sumo 1 a cada valor para que sean distintos
Message[302]: Register in operand not in bank 0.  Ensure that bank bits are correct.
001D   0B90           00053                 DECFSZ COUNTER, f   ; 0x10 .. 0x11 .. 0x12 ..
001E   2???           00054                 GOTO VAL_LOOP           
001F   0008           00055                 RETURN
                      00056 
                      00057 ; *******************************************************************
                      00058 ; ********************* TABLA BIN to GRAY ***************************
                      00059 ; *******************************************************************           
0020   0782           00060 TABLE       ADDWF PCL, f        ; 0 1 3 2 7 6 4 5 F E C D 8 9 B A
0021   3400           00061             RETLW 0x00          ; 0 -> B 0000 -> G 0000 
0022   3401           00062             RETLW 0x01          ; 1 -> B 0001 -> G 0001
0023   3403           00063             RETLW 0x03          ; 2 -> B 0010 -> G 0011
0024   3402           00064             RETLW 0x02          ; 3 -> B 0011 -> G 0010
0025   3407           00065             RETLW 0x07          ; 4 -> B 0100 -> G 0110
0026   3406           00066             RETLW 0x06          ; 5 -> B 0101 -> G 0111
0027   3404           00067             RETLW 0x04          ; 6 -> B 0110 -> G 0101
0028   3405           00068             RETLW 0x05          ; 7 -> B 0111 -> G 0100
0029   340F           00069             RETLW 0x0F          ; 8 -> B 1000 -> G 1100
002A   340E           00070             RETLW 0x0E          ; 9 -> B 1001 -> G 1101
002B   340C           00071             RETLW 0x0C          ; A -> B 1010 -> G 1111
002C   340D           00072             RETLW 0x0D          ; B -> B 1011 -> G 1110
002D   3408           00073             RETLW 0x08          ; C -> B 1100 -> G 1010
002E   3409           00074             RETLW 0x09          ; D -> B 1101 -> G 1011
002F   340B           00075             RETLW 0x0B          ; E -> B 1110 -> G 1001
0030   340A           00076             RETLW 0x0A          ; F -> B 1111 -> G 1000
                      00077                 
                      00078 ; *******************************************************************
                      00079 ; *************************** MAIN **********************************
                      00080 ; *******************************************************************
0031   2???           00081 START       CALL BANK_2         ; Me desplazo al banco 2 
0032   2???           00082             CALL LOAD_VALUES
                      00083             
0033   3014           00084             MOVLW d'20'         ; Cargo 20 al contador por que son 20 valores
Message[302]: Register in operand not in bank 0.  Ensure that bank bits are correct.
0034   0090           00085             MOVWF COUNTER
0035   3020           00086             MOVLW FIRST_DIR     ; Cargo la direccion del primer numero a FSR
Message[302]: Register in operand not in bank 0.  Ensure that bank bits are correct.
0036   0091           00087             MOVWF POINTER
                      00088             
Message[302]: Register in operand not in bank 0.  Ensure that bank bits are correct.
MPASM 5.84                          3-14.ASM   4-20-2023  16:30:14         PAGE  3


LOC  OBJECT CODE     LINE SOURCE TEXT
  VALUE

0037   0811           00089 LOOP        MOVF POINTER, w
0038   0084           00090             MOVWF FSR
0039   0800           00091             MOVF INDF, w
003A   390F           00092             ANDLW b'00001111'           ; Enmascaro el 2do nibble
003B   2???           00093             CALL TABLE
003C   0080           00094             MOVWF INDF
Message[302]: Register in operand not in bank 0.  Ensure that bank bits are correct.
003D   0A91           00095             INCF POINTER, f 
Message[305]: Using default destination of 1 (file).
Message[302]: Register in operand not in bank 0.  Ensure that bank bits are correct.
003E   0B90           00096             DECFSZ COUNTER
003F   2???           00097             GOTO LOOP
0040   2???           00098             GOTO $
                      00099             END
MPASM 5.84                          3-14.ASM   4-20-2023  16:30:14         PAGE  4


SYMBOL TABLE
  LABEL                             VALUE 

ABDEN                             00000000
ABDOVF                            00000007
ACKDT                             00000005
ACKEN                             00000004
ACKSTAT                           00000006
ADCON0                            0000001F
ADCON1                            0000009F
ADCS0                             00000006
ADCS1                             00000007
ADDEN                             00000003
ADFM                              00000007
ADIE                              00000006
ADIF                              00000006
ADON                              00000000
ADRESH                            0000001E
ADRESL                            0000009E
ANS0                              00000000
ANS1                              00000001
ANS10                             00000002
ANS11                             00000003
ANS12                             00000004
ANS13                             00000005
ANS2                              00000002
ANS3                              00000003
ANS4                              00000004
ANS5                              00000005
ANS6                              00000006
ANS7                              00000007
ANS8                              00000000
ANS9                              00000001
ANSEL                             00000188
ANSELH                            00000189
BANK_0                            00000005
BANK_1                            00000009
BANK_2                            0000000D
BANK_3                            00000011
BAUDCTL                           00000187
BCLIE                             00000003
BCLIF                             00000003
BF                                00000000
BRG0                              00000000
BRG1                              00000001
BRG10                             00000002
BRG11                             00000003
BRG12                             00000004
BRG13                             00000005
BRG14                             00000006
BRG15                             00000007
BRG16                             00000003
BRG2                              00000002
BRG3                              00000003
BRG4                              00000004
BRG5                              00000005
MPASM 5.84                          3-14.ASM   4-20-2023  16:30:14         PAGE  5


SYMBOL TABLE
  LABEL                             VALUE 

BRG6                              00000006
BRG7                              00000007
BRG8                              00000000
BRG9                              00000001
BRGH                              00000002
C                                 00000000
C1CH0                             00000000
C1CH1                             00000001
C1IE                              00000005
C1IF                              00000005
C1OE                              00000005
C1ON                              00000007
C1OUT                             00000006
C1POL                             00000004
C1R                               00000002
C1RSEL                            00000005
C1SEN                             00000005
C2CH0                             00000000
C2CH1                             00000001
C2IE                              00000006
C2IF                              00000006
C2OE                              00000005
C2ON                              00000007
C2OUT                             00000006
C2POL                             00000004
C2R                               00000002
C2REN                             00000004
C2RSEL                            00000004
C2SYNC                            00000000
CCP1CON                           00000017
CCP1IE                            00000002
CCP1IF                            00000002
CCP1M0                            00000000
CCP1M1                            00000001
CCP1M2                            00000002
CCP1M3                            00000003
CCP1X                             00000005
CCP1Y                             00000004
CCP2CON                           0000001D
CCP2IE                            00000000
CCP2IF                            00000000
CCP2M0                            00000000
CCP2M1                            00000001
CCP2M2                            00000002
CCP2M3                            00000003
CCP2X                             00000005
CCP2Y                             00000004
CCPR1                             00000015
CCPR1H                            00000016
CCPR1L                            00000015
CCPR2                             0000001B
CCPR2H                            0000001C
CCPR2L                            0000001B
MPASM 5.84                          3-14.ASM   4-20-2023  16:30:14         PAGE  6


SYMBOL TABLE
  LABEL                             VALUE 

CHS0                              00000002
CHS1                              00000003
CHS2                              00000004
CHS3                              00000005
CKE                               00000006
CKP                               00000004
CM1CON0                           00000107
CM2CON0                           00000108
CM2CON1                           00000109
COUNTER                           00000110
CREN                              00000004
CSRC                              00000007
D                                 00000005
DATA_ADDRESS                      00000005
DC                                00000001
DC1B0                             00000004
DC1B1                             00000005
DC2B0                             00000004
DC2B1                             00000005
D_A                               00000005
D_NOT_A                           00000005
ECCPAS                            0000009C
ECCPAS0                           00000004
ECCPAS1                           00000005
ECCPAS2                           00000006
ECCPASE                           00000007
EEADR                             0000010D
EEADRH                            0000010F
EECON1                            0000018C
EECON2                            0000018D
EEDAT                             0000010C
EEDATA                            0000010C
EEDATH                            0000010E
EEIE                              00000004
EEIF                              00000004
EEPGD                             00000007
F                                 00000001
FERR                              00000002
FIRST_DIR                         00000020
FSR                               00000004
FVREN                             00000000
GCEN                              00000007
GIE                               00000007
GO                                00000001
GO_DONE                           00000001
GO_NOT_DONE                       00000001
HTS                               00000002
I2C_DATA                          00000005
I2C_READ                          00000002
I2C_START                         00000003
I2C_STOP                          00000004
INDF                              00000000
INTCON                            0000000B
MPASM 5.84                          3-14.ASM   4-20-2023  16:30:14         PAGE  7


SYMBOL TABLE
  LABEL                             VALUE 

INTE                              00000004
INTEDG                            00000006
INTF                              00000001
IOCB                              00000096
IOCB0                             00000000
IOCB1                             00000001
IOCB2                             00000002
IOCB3                             00000003
IOCB4                             00000004
IOCB5                             00000005
IOCB6                             00000006
IOCB7                             00000007
IRCF0                             00000004
IRCF1                             00000005
IRCF2                             00000006
IRP                               00000007
LOAD_VALUES                       00000015
LOOP                              00000037
LTS                               00000001
MC1OUT                            00000007
MC2OUT                            00000006
MSK                               00000093
MSK0                              00000000
MSK1                              00000001
MSK2                              00000002
MSK3                              00000003
MSK4                              00000004
MSK5                              00000005
MSK6                              00000006
MSK7                              00000007
NOT_A                             00000005
NOT_ADDRESS                       00000005
NOT_BO                            00000000
NOT_BOR                           00000000
NOT_DONE                          00000001
NOT_PD                            00000003
NOT_POR                           00000001
NOT_RBPU                          00000007
NOT_RC8                           00000006
NOT_T1SYNC                        00000002
NOT_TO                            00000004
NOT_TX8                           00000006
NOT_W                             00000002
NOT_WRITE                         00000002
OERR                              00000001
OPTION_REG                        00000081
OSCCON                            0000008F
OSCTUNE                           00000090
OSFIE                             00000007
OSFIF                             00000007
OSTS                              00000003
P                                 00000004
P1M0                              00000006
MPASM 5.84                          3-14.ASM   4-20-2023  16:30:14         PAGE  8


SYMBOL TABLE
  LABEL                             VALUE 

P1M1                              00000007
PCL                               00000002
PCLATH                            0000000A
PCON                              0000008E
PDC0                              00000000
PDC1                              00000001
PDC2                              00000002
PDC3                              00000003
PDC4                              00000004
PDC5                              00000005
PDC6                              00000006
PEIE                              00000006
PEN                               00000002
PIE1                              0000008C
PIE2                              0000008D
PIR1                              0000000C
PIR2                              0000000D
POINTER                           00000111
PORTA                             00000005
PORTB                             00000006
PORTC                             00000007
PORTD                             00000008
PORTE                             00000009
PR2                               00000092
PRSEN                             00000007
PS0                               00000000
PS1                               00000001
PS2                               00000002
PSA                               00000003
PSSAC0                            00000002
PSSAC1                            00000003
PSSBD0                            00000000
PSSBD1                            00000001
PSTRCON                           0000009D
PULSR                             00000002
PULSS                             00000003
PWM1CON                           0000009B
R                                 00000002
RA0                               00000000
RA1                               00000001
RA2                               00000002
RA3                               00000003
RA4                               00000004
RA5                               00000005
RA6                               00000006
RA7                               00000007
RB0                               00000000
RB1                               00000001
RB2                               00000002
RB3                               00000003
RB4                               00000004
RB5                               00000005
RB6                               00000006
MPASM 5.84                          3-14.ASM   4-20-2023  16:30:14         PAGE  9


SYMBOL TABLE
  LABEL                             VALUE 

RB7                               00000007
RBIE                              00000003
RBIF                              00000000
RC0                               00000000
RC1                               00000001
RC2                               00000002
RC3                               00000003
RC4                               00000004
RC5                               00000005
RC6                               00000006
RC7                               00000007
RC8_9                             00000006
RC9                               00000006
RCD8                              00000000
RCEN                              00000003
RCIDL                             00000006
RCIE                              00000005
RCIF                              00000005
RCREG                             0000001A
RCSTA                             00000018
RD                                00000000
RD0                               00000000
RD1                               00000001
RD2                               00000002
RD3                               00000003
RD4                               00000004
RD5                               00000005
RD6                               00000006
RD7                               00000007
RE0                               00000000
RE1                               00000001
RE2                               00000002
RE3                               00000003
READ_WRITE                        00000002
RP0                               00000005
RP1                               00000006
RSEN                              00000001
RX9                               00000006
RX9D                              00000000
R_NOT_W                           00000002
R_W                               00000002
S                                 00000003
SBOREN                            00000004
SCKP                              00000004
SCS                               00000000
SEN                               00000000
SENDB                             00000003
SMP                               00000007
SPBRG                             00000099
SPBRGH                            0000009A
SPEN                              00000007
SR0                               00000006
SR1                               00000007
MPASM 5.84                          3-14.ASM   4-20-2023  16:30:14         PAGE 10


SYMBOL TABLE
  LABEL                             VALUE 

SRCON                             00000185
SREN                              00000005
SSPADD                            00000093
SSPBUF                            00000013
SSPCON                            00000014
SSPCON2                           00000091
SSPEN                             00000005
SSPIE                             00000003
SSPIF                             00000003
SSPM0                             00000000
SSPM1                             00000001
SSPM2                             00000002
SSPM3                             00000003
SSPMSK                            00000093
SSPOV                             00000006
SSPSTAT                           00000094
START                             00000031
STATUS                            00000003
STRA                              00000000
STRB                              00000001
STRC                              00000002
STRD                              00000003
STRSYNC                           00000004
SWDTEN                            00000000
SYNC                              00000004
T0CS                              00000005
T0IE                              00000005
T0IF                              00000002
T0SE                              00000004
T1CKPS0                           00000004
T1CKPS1                           00000005
T1CON                             00000010
T1GINV                            00000007
T1GIV                             00000007
T1GSS                             00000001
T1INSYNC                          00000002
T1OSCEN                           00000003
T1SYNC                            00000002
T2CKPS0                           00000000
T2CKPS1                           00000001
T2CON                             00000012
TABLE                             00000020
TMR0                              00000001
TMR0IE                            00000005
TMR0IF                            00000002
TMR1                              0000000E
TMR1CS                            00000001
TMR1GE                            00000006
TMR1H                             0000000F
TMR1IE                            00000000
TMR1IF                            00000000
TMR1L                             0000000E
TMR1ON                            00000000
MPASM 5.84                          3-14.ASM   4-20-2023  16:30:14         PAGE 11


SYMBOL TABLE
  LABEL                             VALUE 

TMR2                              00000011
TMR2IE                            00000001
TMR2IF                            00000001
TMR2ON                            00000002
TOUTPS0                           00000003
TOUTPS1                           00000004
TOUTPS2                           00000005
TOUTPS3                           00000006
TRISA                             00000085
TRISA0                            00000000
TRISA1                            00000001
TRISA2                            00000002
TRISA3                            00000003
TRISA4                            00000004
TRISA5                            00000005
TRISA6                            00000006
TRISA7                            00000007
TRISB                             00000086
TRISB0                            00000000
TRISB1                            00000001
TRISB2                            00000002
TRISB3                            00000003
TRISB4                            00000004
TRISB5                            00000005
TRISB6                            00000006
TRISB7                            00000007
TRISC                             00000087
TRISC0                            00000000
TRISC1                            00000001
TRISC2                            00000002
TRISC3                            00000003
TRISC4                            00000004
TRISC5                            00000005
TRISC6                            00000006
TRISC7                            00000007
TRISD                             00000088
TRISD0                            00000000
TRISD1                            00000001
TRISD2                            00000002
TRISD3                            00000003
TRISD4                            00000004
TRISD5                            00000005
TRISD6                            00000006
TRISD7                            00000007
TRISE                             00000089
TRISE0                            00000000
TRISE1                            00000001
TRISE2                            00000002
TRISE3                            00000003
TRMT                              00000001
TUN0                              00000000
TUN1                              00000001
TUN2                              00000002
MPASM 5.84                          3-14.ASM   4-20-2023  16:30:14         PAGE 12


SYMBOL TABLE
  LABEL                             VALUE 

TUN3                              00000003
TUN4                              00000004
TX8_9                             00000006
TX9                               00000006
TX9D                              00000000
TXD8                              00000000
TXEN                              00000005
TXIE                              00000004
TXIF                              00000004
TXREG                             00000019
TXSTA                             00000098
UA                                00000001
ULPWUE                            00000005
ULPWUIE                           00000002
ULPWUIF                           00000002
VAL_LOOP                          0000001A
VCFG0                             00000004
VCFG1                             00000005
VR0                               00000000
VR1                               00000001
VR2                               00000002
VR3                               00000003
VRCON                             00000097
VREN                              00000007
VROE                              00000006
VRR                               00000005
VRSS                              00000004
W                                 00000000
WCOL                              00000007
WDTCON                            00000105
WDTPS0                            00000001
WDTPS1                            00000002
WDTPS2                            00000003
WDTPS3                            00000004
WPUB                              00000095
WPUB0                             00000000
WPUB1                             00000001
WPUB2                             00000002
WPUB3                             00000003
WPUB4                             00000004
WPUB5                             00000005
WPUB6                             00000006
WPUB7                             00000007
WR                                00000001
WREN                              00000002
WRERR                             00000003
WUE                               00000001
Z                                 00000002
_.org_1_0040                      00000040
_BOR21V                           00003EFF
_BOR40V                           00003FFF
_BOR4V_BOR21V                     00003EFF
_BOR4V_BOR40V                     00003FFF
MPASM 5.84                          3-14.ASM   4-20-2023  16:30:14         PAGE 13


SYMBOL TABLE
  LABEL                             VALUE 

_BOREN_NSLEEP                     00003EFF
_BOREN_OFF                        00003CFF
_BOREN_ON                         00003FFF
_BOREN_SBODEN                     00003DFF
_BOR_NSLEEP                       00003EFF
_BOR_OFF                          00003CFF
_BOR_ON                           00003FFF
_BOR_SBODEN                       00003DFF
_CONFIG1                          00002007
_CONFIG2                          00002008
_CPD_OFF                          00003FFF
_CPD_ON                           00003F7F
_CP_OFF                           00003FFF
_CP_ON                            00003FBF
_DEBUG_OFF                        00003FFF
_DEBUG_ON                         00001FFF
_DEVID1                           00002006
_EC_OSC                           00003FFB
_EXTRC                            00003FFF
_EXTRCIO                          00003FFE
_EXTRC_OSC_CLKOUT                 00003FFF
_EXTRC_OSC_NOCLKOUT               00003FFE
_FCMEN_OFF                        000037FF
_FCMEN_ON                         00003FFF
_FOSC_EC                          00003FFB
_FOSC_EXTRC_CLKOUT                00003FFF
_FOSC_EXTRC_NOCLKOUT              00003FFE
_FOSC_HS                          00003FFA
_FOSC_INTRC_CLKOUT                00003FFD
_FOSC_INTRC_NOCLKOUT              00003FFC
_FOSC_LP                          00003FF8
_FOSC_XT                          00003FF9
_HS_OSC                           00003FFA
_IDLOC0                           00002000
_IDLOC1                           00002001
_IDLOC2                           00002002
_IDLOC3                           00002003
_IESO_OFF                         00003BFF
_IESO_ON                          00003FFF
_INTOSC                           00003FFD
_INTOSCIO                         00003FFC
_INTRC_OSC_CLKOUT                 00003FFD
_INTRC_OSC_NOCLKOUT               00003FFC
_LP_OSC                           00003FF8
_LVP_OFF                          00002FFF
_LVP_ON                           00003FFF
_MCLRE_OFF                        00003FDF
_MCLRE_ON                         00003FFF
_PWRTE_OFF                        00003FFF
_PWRTE_ON                         00003FEF
_WDTE_OFF                         00003FF7
_WDTE_ON                          00003FFF
_WDT_OFF                          00003FF7
MPASM 5.84                          3-14.ASM   4-20-2023  16:30:14         PAGE 14


SYMBOL TABLE
  LABEL                             VALUE 

_WDT_ON                           00003FFF
_WRT_1FOURTH                      00003BFF
_WRT_256                          00003DFF
_WRT_HALF                         000039FF
_WRT_OFF                          00003FFF
_XT_OSC                           00003FF9
__16F887                          00000001
__DEBUG                           
__MPLAB_DEBUGGER_SIMULATOR        1

Errors   :     0
Warnings :     3 reported,     0 suppressed
Messages :     8 reported,     0 suppressed

