MPASM 5.84                           5-4.ASM   5-11-2023  20:24:25         PAGE  1


LOC  OBJECT CODE     LINE SOURCE TEXT
  VALUE

                      00001 ;   ****************************************************************************
                      00002 ;   Escribir un código en assembler que realice una interrupción por RB cuando
                      00003 ;   se realice un cambio de nivel en cualquiera de los puertos RB<7:4>. En el
                      00004 ;   servicio a la interrupción (ISR) generar un retardo de 100[ms] e incrementar
                      00005 ;   un contador. Mostrar la cuenta por PORTD.
                      00006 ;   ****************************************************************************
                      00007 
                      00008             #INCLUDE    <P16F887.INC>
                      00001         LIST
                      00002 
                      00003 ;==========================================================================
                      00004 ; Build date : Mar 17 2019
                      00005 ;  MPASM PIC16F887 processor include
                      00006 ; 
                      00007 ;  (c) Copyright 1999-2019 Microchip Technology, All rights reserved
                      00008 ;==========================================================================
                      00009 
                      00810         LIST
                      00009             LIST    P = 16F887
                      00010 
                      00011 ; ***************************** PIC CONFIG *************************************
2007   3FF4           00012             __CONFIG    _CONFIG1, _FOSC_INTRC_NOCLKOUT & _WDTE_OFF & _PWRTE_OFF & _MCLRE_ON & _CP_OFF & 
                            _CPD_OFF & _BOREN_ON & _IESO_ON & _FCMEN_ON & _LVP_ON
2008   3FFF           00013             __CONFIG    _CONFIG2, _BOR4V_BOR40V & _WRT_OFF
                      00014         
                      00015 ; ***************************** VARIABLES **************************************  
Warning[207]: Found label after column 1. (AUX)
  00000020            00016             AUX     EQU     0x20    
Warning[207]: Found label after column 1. (CNT1)
  00000021            00017             CNT1    EQU     0x21    ; Delay variables
Warning[207]: Found label after column 1. (CNT2)
  00000022            00018             CNT2    EQU     0x22
Warning[207]: Found label after column 1. (COUNT)
  00000023            00019             COUNT   EQU     0x23    ; Number to increment
                      00020    
                      00021 ; ***************************** INIT *******************************************
                      00022             ORG     0x00
0000   2???           00023             GOTO    SETUP           
                      00024             ORG     0x04
0004   2???           00025             GOTO    IRS     
                      00026             ORG     0x05
                      00027             
                      00028 ; ***************************** REG CONFIG *************************************  
0005   0000           00029 SETUP       NOP                     
0006   1683 1303      00030             BANKSEL TRISB           ; Set RB<7:4> as inputs.
0008   30F0           00031             MOVLW   b'11110000'     ; Set RB<3:0> as outputs.
Message[302]: Register in operand not in bank 0.  Ensure that bank bits are correct.
0009   0086           00032             MOVWF   TRISB
                      00033             
000A   1683 1703      00034             BANKSEL ANSELH          ; Set PORTB as digital.
Message[302]: Register in operand not in bank 0.  Ensure that bank bits are correct.
000C   0189           00035             CLRF    ANSELH
                      00036             
MPASM 5.84                           5-4.ASM   5-11-2023  20:24:25         PAGE  2


LOC  OBJECT CODE     LINE SOURCE TEXT
  VALUE

000D   1683 1303      00037             BANKSEL TRISD           ; Set PORTD as output.
Message[302]: Register in operand not in bank 0.  Ensure that bank bits are correct.
000F   0188           00038             CLRF    TRISD
                      00039             
0010   1683 1303      00040             BANKSEL OPTION_REG      ; Enable pull-ups for RB<7:4>
0012   307F           00041             MOVLW   b'01111111'     ; And set pre-scaler to 256
Message[302]: Register in operand not in bank 0.  Ensure that bank bits are correct.
0013   0081           00042             MOVWF   OPTION_REG
                      00043             
0014   1683 1303      00044             BANKSEL WPUB            ; Set pull-ups for RB<7:4>
0016   30F0           00045             MOVLW   b'11110000'
Message[302]: Register in operand not in bank 0.  Ensure that bank bits are correct.
0017   0095           00046             MOVWF   WPUB
                      00047             
0018   1283 1303      00048             BANKSEL INTCON          ; Enable interrupts on PORTB.
001A   3088           00049             MOVLW   b'10001000'
001B   008B           00050             MOVWF   INTCON
                      00051             
001C   1683 1303      00052             BANKSEL IOCB            ; Enable RB<7:4> as interruption sources.
001E   30F0           00053             MOVLW   b'11110000'     
Message[302]: Register in operand not in bank 0.  Ensure that bank bits are correct.
001F   0096           00054             MOVWF   IOCB
                      00055             
0020   1283 1303      00056             BANKSEL PORTB           ; Set RB<7:4> as high.
0022   30F0           00057             MOVLW   b'11110000'     
0023   0086           00058             MOVWF   PORTB           
                      00059     
0024   0188           00060             CLRF    PORTD
0025   01A3           00061             CLRF    COUNT
0026   2???           00062             GOTO    START
                      00063 
                      00064 ; ***************************** MAIN *******************************************            
0027   2???           00065 START       GOTO    $               ; Waits for an interruption.
                      00066                                     
                      00067 ; *********************** INTERRUPTION ROUTINE *********************************            
0028   180B           00068 IRS         BTFSC   INTCON, RBIF    ; Check if its a RB<7:4> interruption.
0029   2???           00069             GOTO    RB_TEST         
002A   2???           00070             GOTO    FINISH          
                      00071                                     
002B   1E06           00072 RB_TEST     BTFSS   PORTB, 4        ; Test which RB bit interrupted.
002C   2???           00073             GOTO    BIT_4           
002D   1E86           00074             BTFSS   PORTB, 5
002E   2???           00075             GOTO    BIT_5
002F   1F06           00076             BTFSS   PORTB, 6
0030   2???           00077             GOTO    BIT_6
0031   1F86           00078             BTFSS   PORTB, 7
0032   2???           00079             GOTO    BIT_7
0033   2???           00080             GOTO    FINISH
                      00081             
Warning[207]: Found label after column 1. (BIT_4)
0034   2???           00082     BIT_4   CALL    DELAY_100ms     ; 
0035   2???           00083             CALL    INC_COUNT       
0036   2???           00084             GOTO    FINISH
MPASM 5.84                           5-4.ASM   5-11-2023  20:24:25         PAGE  3


LOC  OBJECT CODE     LINE SOURCE TEXT
  VALUE

                      00085             
Warning[207]: Found label after column 1. (BIT_5)
0037   2???           00086     BIT_5   CALL    DELAY_100ms
0038   2???           00087             CALL    INC_COUNT
0039   2???           00088             GOTO    FINISH
                      00089             
Warning[207]: Found label after column 1. (BIT_6)
003A   2???           00090     BIT_6   CALL    DELAY_100ms
003B   2???           00091             CALL    INC_COUNT
003C   2???           00092             GOTO    FINISH
                      00093             
Warning[207]: Found label after column 1. (BIT_7)
003D   2???           00094     BIT_7   CALL    DELAY_100ms
003E   2???           00095             CALL    INC_COUNT
003F   2???           00096             GOTO    FINISH
                      00097             
0040   0000           00098 DELAY_100ms NOP     
0041   3082           00099             MOVLW   .130            ; Esto se deberia hacer con TMR0
0042   00A2           00100             MOVWF   CNT2            
0043   30FF           00101             MOVLW   .255
0044   00A1           00102             MOVWF   CNT1
Message[305]: Using default destination of 1 (file).
0045   0BA1           00103             DECFSZ  CNT1                   
0046   2???           00104             GOTO    $-1             
Message[305]: Using default destination of 1 (file).
0047   0BA2           00105             DECFSZ  CNT2                
0048   2???           00106             GOTO    $-5     
0049   0008           00107             RETURN
                      00108     
004A   0AA3           00109 INC_COUNT   INCF    COUNT, 1        ; Increments count and show it on PORTD
004B   0823           00110             MOVFW   COUNT           
004C   0088           00111             MOVWF   PORTD
004D   0008           00112             RETURN
                      00113             
004E   100B           00114 FINISH      BCF     INTCON, RBIF    ; Flag clear
004F   0009           00115             RETFIE
                      00116             
3FF4 3FFF             00117             END
MPASM 5.84                           5-4.ASM   5-11-2023  20:24:25         PAGE  4


SYMBOL TABLE
  LABEL                             VALUE 

ABDEN                             00000000
ABDOVF                            00000007
ACKDT                             00000005
ACKEN                             00000004
ACKSTAT                           00000006
ADCON0                            0000001F
ADCON1                            0000009F
ADCS0                             00000006
ADCS1                             00000007
ADDEN                             00000003
ADFM                              00000007
ADIE                              00000006
ADIF                              00000006
ADON                              00000000
ADRESH                            0000001E
ADRESL                            0000009E
ANS0                              00000000
ANS1                              00000001
ANS10                             00000002
ANS11                             00000003
ANS12                             00000004
ANS13                             00000005
ANS2                              00000002
ANS3                              00000003
ANS4                              00000004
ANS5                              00000005
ANS6                              00000006
ANS7                              00000007
ANS8                              00000000
ANS9                              00000001
ANSEL                             00000188
ANSELH                            00000189
AUX                               00000020
BAUDCTL                           00000187
BCLIE                             00000003
BCLIF                             00000003
BF                                00000000
BIT_4                             00000034
BIT_5                             00000037
BIT_6                             0000003A
BIT_7                             0000003D
BRG0                              00000000
BRG1                              00000001
BRG10                             00000002
BRG11                             00000003
BRG12                             00000004
BRG13                             00000005
BRG14                             00000006
BRG15                             00000007
BRG16                             00000003
BRG2                              00000002
BRG3                              00000003
BRG4                              00000004
MPASM 5.84                           5-4.ASM   5-11-2023  20:24:25         PAGE  5


SYMBOL TABLE
  LABEL                             VALUE 

BRG5                              00000005
BRG6                              00000006
BRG7                              00000007
BRG8                              00000000
BRG9                              00000001
BRGH                              00000002
C                                 00000000
C1CH0                             00000000
C1CH1                             00000001
C1IE                              00000005
C1IF                              00000005
C1OE                              00000005
C1ON                              00000007
C1OUT                             00000006
C1POL                             00000004
C1R                               00000002
C1RSEL                            00000005
C1SEN                             00000005
C2CH0                             00000000
C2CH1                             00000001
C2IE                              00000006
C2IF                              00000006
C2OE                              00000005
C2ON                              00000007
C2OUT                             00000006
C2POL                             00000004
C2R                               00000002
C2REN                             00000004
C2RSEL                            00000004
C2SYNC                            00000000
CCP1CON                           00000017
CCP1IE                            00000002
CCP1IF                            00000002
CCP1M0                            00000000
CCP1M1                            00000001
CCP1M2                            00000002
CCP1M3                            00000003
CCP1X                             00000005
CCP1Y                             00000004
CCP2CON                           0000001D
CCP2IE                            00000000
CCP2IF                            00000000
CCP2M0                            00000000
CCP2M1                            00000001
CCP2M2                            00000002
CCP2M3                            00000003
CCP2X                             00000005
CCP2Y                             00000004
CCPR1                             00000015
CCPR1H                            00000016
CCPR1L                            00000015
CCPR2                             0000001B
CCPR2H                            0000001C
MPASM 5.84                           5-4.ASM   5-11-2023  20:24:25         PAGE  6


SYMBOL TABLE
  LABEL                             VALUE 

CCPR2L                            0000001B
CHS0                              00000002
CHS1                              00000003
CHS2                              00000004
CHS3                              00000005
CKE                               00000006
CKP                               00000004
CM1CON0                           00000107
CM2CON0                           00000108
CM2CON1                           00000109
CNT1                              00000021
CNT2                              00000022
COUNT                             00000023
CREN                              00000004
CSRC                              00000007
D                                 00000005
DATA_ADDRESS                      00000005
DC                                00000001
DC1B0                             00000004
DC1B1                             00000005
DC2B0                             00000004
DC2B1                             00000005
DELAY_100ms                       00000040
D_A                               00000005
D_NOT_A                           00000005
ECCPAS                            0000009C
ECCPAS0                           00000004
ECCPAS1                           00000005
ECCPAS2                           00000006
ECCPASE                           00000007
EEADR                             0000010D
EEADRH                            0000010F
EECON1                            0000018C
EECON2                            0000018D
EEDAT                             0000010C
EEDATA                            0000010C
EEDATH                            0000010E
EEIE                              00000004
EEIF                              00000004
EEPGD                             00000007
F                                 00000001
FERR                              00000002
FINISH                            0000004E
FSR                               00000004
FVREN                             00000000
GCEN                              00000007
GIE                               00000007
GO                                00000001
GO_DONE                           00000001
GO_NOT_DONE                       00000001
HTS                               00000002
I2C_DATA                          00000005
I2C_READ                          00000002
MPASM 5.84                           5-4.ASM   5-11-2023  20:24:25         PAGE  7


SYMBOL TABLE
  LABEL                             VALUE 

I2C_START                         00000003
I2C_STOP                          00000004
INC_COUNT                         0000004A
INDF                              00000000
INTCON                            0000000B
INTE                              00000004
INTEDG                            00000006
INTF                              00000001
IOCB                              00000096
IOCB0                             00000000
IOCB1                             00000001
IOCB2                             00000002
IOCB3                             00000003
IOCB4                             00000004
IOCB5                             00000005
IOCB6                             00000006
IOCB7                             00000007
IRCF0                             00000004
IRCF1                             00000005
IRCF2                             00000006
IRP                               00000007
IRS                               00000028
LTS                               00000001
MC1OUT                            00000007
MC2OUT                            00000006
MSK                               00000093
MSK0                              00000000
MSK1                              00000001
MSK2                              00000002
MSK3                              00000003
MSK4                              00000004
MSK5                              00000005
MSK6                              00000006
MSK7                              00000007
NOT_A                             00000005
NOT_ADDRESS                       00000005
NOT_BO                            00000000
NOT_BOR                           00000000
NOT_DONE                          00000001
NOT_PD                            00000003
NOT_POR                           00000001
NOT_RBPU                          00000007
NOT_RC8                           00000006
NOT_T1SYNC                        00000002
NOT_TO                            00000004
NOT_TX8                           00000006
NOT_W                             00000002
NOT_WRITE                         00000002
OERR                              00000001
OPTION_REG                        00000081
OSCCON                            0000008F
OSCTUNE                           00000090
OSFIE                             00000007
MPASM 5.84                           5-4.ASM   5-11-2023  20:24:25         PAGE  8


SYMBOL TABLE
  LABEL                             VALUE 

OSFIF                             00000007
OSTS                              00000003
P                                 00000004
P1M0                              00000006
P1M1                              00000007
PCL                               00000002
PCLATH                            0000000A
PCON                              0000008E
PDC0                              00000000
PDC1                              00000001
PDC2                              00000002
PDC3                              00000003
PDC4                              00000004
PDC5                              00000005
PDC6                              00000006
PEIE                              00000006
PEN                               00000002
PIE1                              0000008C
PIE2                              0000008D
PIR1                              0000000C
PIR2                              0000000D
PORTA                             00000005
PORTB                             00000006
PORTC                             00000007
PORTD                             00000008
PORTE                             00000009
PR2                               00000092
PRSEN                             00000007
PS0                               00000000
PS1                               00000001
PS2                               00000002
PSA                               00000003
PSSAC0                            00000002
PSSAC1                            00000003
PSSBD0                            00000000
PSSBD1                            00000001
PSTRCON                           0000009D
PULSR                             00000002
PULSS                             00000003
PWM1CON                           0000009B
R                                 00000002
RA0                               00000000
RA1                               00000001
RA2                               00000002
RA3                               00000003
RA4                               00000004
RA5                               00000005
RA6                               00000006
RA7                               00000007
RB0                               00000000
RB1                               00000001
RB2                               00000002
RB3                               00000003
MPASM 5.84                           5-4.ASM   5-11-2023  20:24:25         PAGE  9


SYMBOL TABLE
  LABEL                             VALUE 

RB4                               00000004
RB5                               00000005
RB6                               00000006
RB7                               00000007
RBIE                              00000003
RBIF                              00000000
RB_TEST                           0000002B
RC0                               00000000
RC1                               00000001
RC2                               00000002
RC3                               00000003
RC4                               00000004
RC5                               00000005
RC6                               00000006
RC7                               00000007
RC8_9                             00000006
RC9                               00000006
RCD8                              00000000
RCEN                              00000003
RCIDL                             00000006
RCIE                              00000005
RCIF                              00000005
RCREG                             0000001A
RCSTA                             00000018
RD                                00000000
RD0                               00000000
RD1                               00000001
RD2                               00000002
RD3                               00000003
RD4                               00000004
RD5                               00000005
RD6                               00000006
RD7                               00000007
RE0                               00000000
RE1                               00000001
RE2                               00000002
RE3                               00000003
READ_WRITE                        00000002
RP0                               00000005
RP1                               00000006
RSEN                              00000001
RX9                               00000006
RX9D                              00000000
R_NOT_W                           00000002
R_W                               00000002
S                                 00000003
SBOREN                            00000004
SCKP                              00000004
SCS                               00000000
SEN                               00000000
SENDB                             00000003
SETUP                             00000005
SMP                               00000007
MPASM 5.84                           5-4.ASM   5-11-2023  20:24:25         PAGE 10


SYMBOL TABLE
  LABEL                             VALUE 

SPBRG                             00000099
SPBRGH                            0000009A
SPEN                              00000007
SR0                               00000006
SR1                               00000007
SRCON                             00000185
SREN                              00000005
SSPADD                            00000093
SSPBUF                            00000013
SSPCON                            00000014
SSPCON2                           00000091
SSPEN                             00000005
SSPIE                             00000003
SSPIF                             00000003
SSPM0                             00000000
SSPM1                             00000001
SSPM2                             00000002
SSPM3                             00000003
SSPMSK                            00000093
SSPOV                             00000006
SSPSTAT                           00000094
START                             00000027
STATUS                            00000003
STRA                              00000000
STRB                              00000001
STRC                              00000002
STRD                              00000003
STRSYNC                           00000004
SWDTEN                            00000000
SYNC                              00000004
T0CS                              00000005
T0IE                              00000005
T0IF                              00000002
T0SE                              00000004
T1CKPS0                           00000004
T1CKPS1                           00000005
T1CON                             00000010
T1GINV                            00000007
T1GIV                             00000007
T1GSS                             00000001
T1INSYNC                          00000002
T1OSCEN                           00000003
T1SYNC                            00000002
T2CKPS0                           00000000
T2CKPS1                           00000001
T2CON                             00000012
TMR0                              00000001
TMR0IE                            00000005
TMR0IF                            00000002
TMR1                              0000000E
TMR1CS                            00000001
TMR1GE                            00000006
TMR1H                             0000000F
MPASM 5.84                           5-4.ASM   5-11-2023  20:24:25         PAGE 11


SYMBOL TABLE
  LABEL                             VALUE 

TMR1IE                            00000000
TMR1IF                            00000000
TMR1L                             0000000E
TMR1ON                            00000000
TMR2                              00000011
TMR2IE                            00000001
TMR2IF                            00000001
TMR2ON                            00000002
TOUTPS0                           00000003
TOUTPS1                           00000004
TOUTPS2                           00000005
TOUTPS3                           00000006
TRISA                             00000085
TRISA0                            00000000
TRISA1                            00000001
TRISA2                            00000002
TRISA3                            00000003
TRISA4                            00000004
TRISA5                            00000005
TRISA6                            00000006
TRISA7                            00000007
TRISB                             00000086
TRISB0                            00000000
TRISB1                            00000001
TRISB2                            00000002
TRISB3                            00000003
TRISB4                            00000004
TRISB5                            00000005
TRISB6                            00000006
TRISB7                            00000007
TRISC                             00000087
TRISC0                            00000000
TRISC1                            00000001
TRISC2                            00000002
TRISC3                            00000003
TRISC4                            00000004
TRISC5                            00000005
TRISC6                            00000006
TRISC7                            00000007
TRISD                             00000088
TRISD0                            00000000
TRISD1                            00000001
TRISD2                            00000002
TRISD3                            00000003
TRISD4                            00000004
TRISD5                            00000005
TRISD6                            00000006
TRISD7                            00000007
TRISE                             00000089
TRISE0                            00000000
TRISE1                            00000001
TRISE2                            00000002
TRISE3                            00000003
MPASM 5.84                           5-4.ASM   5-11-2023  20:24:25         PAGE 12


SYMBOL TABLE
  LABEL                             VALUE 

TRMT                              00000001
TUN0                              00000000
TUN1                              00000001
TUN2                              00000002
TUN3                              00000003
TUN4                              00000004
TX8_9                             00000006
TX9                               00000006
TX9D                              00000000
TXD8                              00000000
TXEN                              00000005
TXIE                              00000004
TXIF                              00000004
TXREG                             00000019
TXSTA                             00000098
UA                                00000001
ULPWUE                            00000005
ULPWUIE                           00000002
ULPWUIF                           00000002
VCFG0                             00000004
VCFG1                             00000005
VR0                               00000000
VR1                               00000001
VR2                               00000002
VR3                               00000003
VRCON                             00000097
VREN                              00000007
VROE                              00000006
VRR                               00000005
VRSS                              00000004
W                                 00000000
WCOL                              00000007
WDTCON                            00000105
WDTPS0                            00000001
WDTPS1                            00000002
WDTPS2                            00000003
WDTPS3                            00000004
WPUB                              00000095
WPUB0                             00000000
WPUB1                             00000001
WPUB2                             00000002
WPUB3                             00000003
WPUB4                             00000004
WPUB5                             00000005
WPUB6                             00000006
WPUB7                             00000007
WR                                00000001
WREN                              00000002
WRERR                             00000003
WUE                               00000001
Z                                 00000002
_.org_2_0027                      00000027
_.org_2_0046                      00000046
MPASM 5.84                           5-4.ASM   5-11-2023  20:24:25         PAGE 13


SYMBOL TABLE
  LABEL                             VALUE 

_.org_2_0048                      00000048
_BOR21V                           00003EFF
_BOR40V                           00003FFF
_BOR4V_BOR21V                     00003EFF
_BOR4V_BOR40V                     00003FFF
_BOREN_NSLEEP                     00003EFF
_BOREN_OFF                        00003CFF
_BOREN_ON                         00003FFF
_BOREN_SBODEN                     00003DFF
_BOR_NSLEEP                       00003EFF
_BOR_OFF                          00003CFF
_BOR_ON                           00003FFF
_BOR_SBODEN                       00003DFF
_CONFIG1                          00002007
_CONFIG2                          00002008
_CPD_OFF                          00003FFF
_CPD_ON                           00003F7F
_CP_OFF                           00003FFF
_CP_ON                            00003FBF
_DEBUG_OFF                        00003FFF
_DEBUG_ON                         00001FFF
_DEVID1                           00002006
_EC_OSC                           00003FFB
_EXTRC                            00003FFF
_EXTRCIO                          00003FFE
_EXTRC_OSC_CLKOUT                 00003FFF
_EXTRC_OSC_NOCLKOUT               00003FFE
_FCMEN_OFF                        000037FF
_FCMEN_ON                         00003FFF
_FOSC_EC                          00003FFB
_FOSC_EXTRC_CLKOUT                00003FFF
_FOSC_EXTRC_NOCLKOUT              00003FFE
_FOSC_HS                          00003FFA
_FOSC_INTRC_CLKOUT                00003FFD
_FOSC_INTRC_NOCLKOUT              00003FFC
_FOSC_LP                          00003FF8
_FOSC_XT                          00003FF9
_HS_OSC                           00003FFA
_IDLOC0                           00002000
_IDLOC1                           00002001
_IDLOC2                           00002002
_IDLOC3                           00002003
_IESO_OFF                         00003BFF
_IESO_ON                          00003FFF
_INTOSC                           00003FFD
_INTOSCIO                         00003FFC
_INTRC_OSC_CLKOUT                 00003FFD
_INTRC_OSC_NOCLKOUT               00003FFC
_LP_OSC                           00003FF8
_LVP_OFF                          00002FFF
_LVP_ON                           00003FFF
_MCLRE_OFF                        00003FDF
_MCLRE_ON                         00003FFF
MPASM 5.84                           5-4.ASM   5-11-2023  20:24:25         PAGE 14


SYMBOL TABLE
  LABEL                             VALUE 

_PWRTE_OFF                        00003FFF
_PWRTE_ON                         00003FEF
_WDTE_OFF                         00003FF7
_WDTE_ON                          00003FFF
_WDT_OFF                          00003FF7
_WDT_ON                           00003FFF
_WRT_1FOURTH                      00003BFF
_WRT_256                          00003DFF
_WRT_HALF                         000039FF
_WRT_OFF                          00003FFF
_XT_OSC                           00003FF9
__16F887                          00000001

Errors   :     0
Warnings :     8 reported,     0 suppressed
Messages :     8 reported,     0 suppressed

