MPASM 5.84                          3-10.ASM   4-20-2023  15:46:49         PAGE  1


LOC  OBJECT CODE     LINE SOURCE TEXT
  VALUE

                      00001 ; *******************************************************************    
                      00002 ; Escribir un programa que convierta un conjunto de números decimales 
                      00003 ; codificados ASCII en su equivalente en BCD empaquetado. Los números 
                      00004 ; codificados ASCII están en los Registros 20H a 30H.
                      00005 ; *******************************************************************
                      00006             
                      00007 ; UNPACKED BCD 0x3A y 0x3B = 0x0A 0x0B = 00001010 00001011  -> 1 byte por digito
                      00008 ; PACKED BCD               = 0xAB      = 1010 1011          -> 1 nibble por digito
                      00009 ; Para convertir 0x3A y 0x3B a PACKED BCD 
                      00010 ; 1) Enmascaro el nibble menos significativo -> 0x0A y 0x0B
                      00011 ; 2) Hago un swap de nibbles del primer valor -> 0xA0 y 0x0B
                      00012 ; 3) Sumo los dos valores -> 0xA0 + 0x0B = 0xAB
                      00013 
                      00014                 LIST P=16F887
                      00015                 #INCLUDE <p16f887.inc>
                      00001         LIST
                      00002 
                      00003 ;==========================================================================
                      00004 ; Build date : Mar 17 2019
                      00005 ;  MPASM PIC16F887 processor include
                      00006 ; 
                      00007 ;  (c) Copyright 1999-2019 Microchip Technology, All rights reserved
                      00008 ;==========================================================================
                      00009 
                      00810         LIST
                      00016 
Warning[207]: Found label after column 1. (COUNTER)
  00000040            00017                 COUNTER         EQU 0x40        ; Espacios de memoria para variables auxiliares
Warning[207]: Found label after column 1. (POINTER1)
  00000041            00018                 POINTER1        EQU 0x41
Warning[207]: Found label after column 1. (POINTER2)
  00000042            00019                 POINTER2        EQU 0x42
Warning[207]: Found label after column 1. (TEMP)
  00000043            00020                 TEMP            EQU 0x43
                      00021 
Warning[207]: Found label after column 1. (FIRST_DIR)
  00000020            00022                 FIRST_DIR       EQU 0x20        ; Lugar de memoria del primer valor a convertir
Warning[207]: Found label after column 1. (RESULT_DIR)
  00000030            00023                 RESULT_DIR      EQU 0x30        ; Lugar de memoria del primer valor ya convertido
                      00024 
                      00025                 ORG 0x00
0000   2???           00026                 GOTO START
                      00027                 ORG 0x05
                      00028 
                      00029 ; *******************************************************************
                      00030 ; ************************ SUBRUTINAS *******************************
                      00031 ; *******************************************************************           
0005   3010           00032 LOAD_VALUES     MOVLW 0x10                      ; Cargo 16 al contador
0006   00C0           00033                 MOVWF COUNTER       
0007   3020           00034                 MOVLW FIRST_DIR                 ; Cargo el primer espacio de memoria a FSR
0008   0084           00035                 MOVWF FSR                       ; Esto hace que la proxima escritura sea a donde diga FI
                            RST
0009   3030           00036                 MOVLW h'30'                     ; El valor a escribir lo guardo en w  
MPASM 5.84                          3-10.ASM   4-20-2023  15:46:49         PAGE  2


LOC  OBJECT CODE     LINE SOURCE TEXT
  VALUE

000A   0080           00037 VAL_LOOP        MOVWF INDF                      ; Muevo w a donde apunte FSR
000B   0A84           00038                 INCF FSR, f                     ; Incremento FSR en 1
000C   3E01           00039                 ADDLW h'01'                     ; Incremento en 1 mi variable a convertir 0x3A .. 0x3B .
                            . 0x3C
000D   0BC0           00040                 DECFSZ COUNTER, f               ; Decremento el contador en 1
000E   2???           00041                 GOTO VAL_LOOP                   ; Reseteo el loop
000F   0008           00042                 RETURN
                      00043                 
                      00044 ; *******************************************************************
                      00045 ; *************************** MAIN **********************************
                      00046 ; *******************************************************************
0010   2???           00047 START           CALL LOAD_VALUES                ; Cargo los valores a convertir a partir de 0x20 hasta 0
                            x30
                      00048             
0011   3008           00049                 MOVLW d'8'                      ; Como tengo 16 valores, al unir entre dos me quedan 8 v
                            alores
0012   00C0           00050                 MOVWF COUNTER                   ; Entonces mi contador es de 8.
0013   3020           00051                 MOVLW FIRST_DIR
0014   00C1           00052                 MOVWF POINTER1                  ; Guardo mi primera direccion 0x20 en el puntero 1
0015   3030           00053                 MOVLW RESULT_DIR
0016   00C2           00054                 MOVWF POINTER2                  ; Guardo la direccion del resultado en el puntero 2
                      00055 
0017   0841           00056 LOOP            MOVF POINTER1, W
0018   0084           00057                 MOVWF FSR                       ; Movemos el puntero 1 al FSR
0019   0800           00058                 MOVF INDF, W                    ; Muevo lo que tenga w a donde apunte FSR
001A   390F           00059                 ANDLW h'0F'                     ; Enmascaro el primer nibble
001B   00C3           00060                 MOVWF TEMP
001C   0EC3           00061                 SWAPF TEMP, F                   ; Hago swap para poder sumar los dos nibbles
001D   0A84           00062                 INCF FSR, F                     ; 0x0A = 0000 1010 -> 1010 0000
001E   0800           00063                 MOVF INDF, W
001F   390F           00064                 ANDLW h'0F'                     ; Enmascaro el primer nibble
0020   07C3           00065                 ADDWF TEMP, F
0021   0842           00066                 MOVF POINTER2, W
0022   0084           00067                 MOVWF FSR
0023   0843           00068                 MOVF TEMP, W
0024   0080           00069                 MOVWF INDF
                      00070 
0025   1800           00071                 BTFSC INDF, 0
0026   0AC1           00072                 INCF POINTER1, F
0027   0AC1           00073                 INCF POINTER1, F                ; Se incrementa dos veces pq son 2 valores para 1 result
                            ado
0028   0AC2           00074                 INCF POINTER2, F
Message[305]: Using default destination of 1 (file).
0029   0BC0           00075                 DECFSZ COUNTER
002A   2???           00076                 GOTO LOOP
002B   2???           00077                 GOTO $
                      00078                 END
MPASM 5.84                          3-10.ASM   4-20-2023  15:46:49         PAGE  3


SYMBOL TABLE
  LABEL                             VALUE 

ABDEN                             00000000
ABDOVF                            00000007
ACKDT                             00000005
ACKEN                             00000004
ACKSTAT                           00000006
ADCON0                            0000001F
ADCON1                            0000009F
ADCS0                             00000006
ADCS1                             00000007
ADDEN                             00000003
ADFM                              00000007
ADIE                              00000006
ADIF                              00000006
ADON                              00000000
ADRESH                            0000001E
ADRESL                            0000009E
ANS0                              00000000
ANS1                              00000001
ANS10                             00000002
ANS11                             00000003
ANS12                             00000004
ANS13                             00000005
ANS2                              00000002
ANS3                              00000003
ANS4                              00000004
ANS5                              00000005
ANS6                              00000006
ANS7                              00000007
ANS8                              00000000
ANS9                              00000001
ANSEL                             00000188
ANSELH                            00000189
BAUDCTL                           00000187
BCLIE                             00000003
BCLIF                             00000003
BF                                00000000
BRG0                              00000000
BRG1                              00000001
BRG10                             00000002
BRG11                             00000003
BRG12                             00000004
BRG13                             00000005
BRG14                             00000006
BRG15                             00000007
BRG16                             00000003
BRG2                              00000002
BRG3                              00000003
BRG4                              00000004
BRG5                              00000005
BRG6                              00000006
BRG7                              00000007
BRG8                              00000000
BRG9                              00000001
MPASM 5.84                          3-10.ASM   4-20-2023  15:46:49         PAGE  4


SYMBOL TABLE
  LABEL                             VALUE 

BRGH                              00000002
C                                 00000000
C1CH0                             00000000
C1CH1                             00000001
C1IE                              00000005
C1IF                              00000005
C1OE                              00000005
C1ON                              00000007
C1OUT                             00000006
C1POL                             00000004
C1R                               00000002
C1RSEL                            00000005
C1SEN                             00000005
C2CH0                             00000000
C2CH1                             00000001
C2IE                              00000006
C2IF                              00000006
C2OE                              00000005
C2ON                              00000007
C2OUT                             00000006
C2POL                             00000004
C2R                               00000002
C2REN                             00000004
C2RSEL                            00000004
C2SYNC                            00000000
CCP1CON                           00000017
CCP1IE                            00000002
CCP1IF                            00000002
CCP1M0                            00000000
CCP1M1                            00000001
CCP1M2                            00000002
CCP1M3                            00000003
CCP1X                             00000005
CCP1Y                             00000004
CCP2CON                           0000001D
CCP2IE                            00000000
CCP2IF                            00000000
CCP2M0                            00000000
CCP2M1                            00000001
CCP2M2                            00000002
CCP2M3                            00000003
CCP2X                             00000005
CCP2Y                             00000004
CCPR1                             00000015
CCPR1H                            00000016
CCPR1L                            00000015
CCPR2                             0000001B
CCPR2H                            0000001C
CCPR2L                            0000001B
CHS0                              00000002
CHS1                              00000003
CHS2                              00000004
CHS3                              00000005
MPASM 5.84                          3-10.ASM   4-20-2023  15:46:49         PAGE  5


SYMBOL TABLE
  LABEL                             VALUE 

CKE                               00000006
CKP                               00000004
CM1CON0                           00000107
CM2CON0                           00000108
CM2CON1                           00000109
COUNTER                           00000040
CREN                              00000004
CSRC                              00000007
D                                 00000005
DATA_ADDRESS                      00000005
DC                                00000001
DC1B0                             00000004
DC1B1                             00000005
DC2B0                             00000004
DC2B1                             00000005
D_A                               00000005
D_NOT_A                           00000005
ECCPAS                            0000009C
ECCPAS0                           00000004
ECCPAS1                           00000005
ECCPAS2                           00000006
ECCPASE                           00000007
EEADR                             0000010D
EEADRH                            0000010F
EECON1                            0000018C
EECON2                            0000018D
EEDAT                             0000010C
EEDATA                            0000010C
EEDATH                            0000010E
EEIE                              00000004
EEIF                              00000004
EEPGD                             00000007
F                                 00000001
FERR                              00000002
FIRST_DIR                         00000020
FSR                               00000004
FVREN                             00000000
GCEN                              00000007
GIE                               00000007
GO                                00000001
GO_DONE                           00000001
GO_NOT_DONE                       00000001
HTS                               00000002
I2C_DATA                          00000005
I2C_READ                          00000002
I2C_START                         00000003
I2C_STOP                          00000004
INDF                              00000000
INTCON                            0000000B
INTE                              00000004
INTEDG                            00000006
INTF                              00000001
IOCB                              00000096
MPASM 5.84                          3-10.ASM   4-20-2023  15:46:49         PAGE  6


SYMBOL TABLE
  LABEL                             VALUE 

IOCB0                             00000000
IOCB1                             00000001
IOCB2                             00000002
IOCB3                             00000003
IOCB4                             00000004
IOCB5                             00000005
IOCB6                             00000006
IOCB7                             00000007
IRCF0                             00000004
IRCF1                             00000005
IRCF2                             00000006
IRP                               00000007
LOAD_VALUES                       00000005
LOOP                              00000017
LTS                               00000001
MC1OUT                            00000007
MC2OUT                            00000006
MSK                               00000093
MSK0                              00000000
MSK1                              00000001
MSK2                              00000002
MSK3                              00000003
MSK4                              00000004
MSK5                              00000005
MSK6                              00000006
MSK7                              00000007
NOT_A                             00000005
NOT_ADDRESS                       00000005
NOT_BO                            00000000
NOT_BOR                           00000000
NOT_DONE                          00000001
NOT_PD                            00000003
NOT_POR                           00000001
NOT_RBPU                          00000007
NOT_RC8                           00000006
NOT_T1SYNC                        00000002
NOT_TO                            00000004
NOT_TX8                           00000006
NOT_W                             00000002
NOT_WRITE                         00000002
OERR                              00000001
OPTION_REG                        00000081
OSCCON                            0000008F
OSCTUNE                           00000090
OSFIE                             00000007
OSFIF                             00000007
OSTS                              00000003
P                                 00000004
P1M0                              00000006
P1M1                              00000007
PCL                               00000002
PCLATH                            0000000A
PCON                              0000008E
MPASM 5.84                          3-10.ASM   4-20-2023  15:46:49         PAGE  7


SYMBOL TABLE
  LABEL                             VALUE 

PDC0                              00000000
PDC1                              00000001
PDC2                              00000002
PDC3                              00000003
PDC4                              00000004
PDC5                              00000005
PDC6                              00000006
PEIE                              00000006
PEN                               00000002
PIE1                              0000008C
PIE2                              0000008D
PIR1                              0000000C
PIR2                              0000000D
POINTER1                          00000041
POINTER2                          00000042
PORTA                             00000005
PORTB                             00000006
PORTC                             00000007
PORTD                             00000008
PORTE                             00000009
PR2                               00000092
PRSEN                             00000007
PS0                               00000000
PS1                               00000001
PS2                               00000002
PSA                               00000003
PSSAC0                            00000002
PSSAC1                            00000003
PSSBD0                            00000000
PSSBD1                            00000001
PSTRCON                           0000009D
PULSR                             00000002
PULSS                             00000003
PWM1CON                           0000009B
R                                 00000002
RA0                               00000000
RA1                               00000001
RA2                               00000002
RA3                               00000003
RA4                               00000004
RA5                               00000005
RA6                               00000006
RA7                               00000007
RB0                               00000000
RB1                               00000001
RB2                               00000002
RB3                               00000003
RB4                               00000004
RB5                               00000005
RB6                               00000006
RB7                               00000007
RBIE                              00000003
RBIF                              00000000
MPASM 5.84                          3-10.ASM   4-20-2023  15:46:49         PAGE  8


SYMBOL TABLE
  LABEL                             VALUE 

RC0                               00000000
RC1                               00000001
RC2                               00000002
RC3                               00000003
RC4                               00000004
RC5                               00000005
RC6                               00000006
RC7                               00000007
RC8_9                             00000006
RC9                               00000006
RCD8                              00000000
RCEN                              00000003
RCIDL                             00000006
RCIE                              00000005
RCIF                              00000005
RCREG                             0000001A
RCSTA                             00000018
RD                                00000000
RD0                               00000000
RD1                               00000001
RD2                               00000002
RD3                               00000003
RD4                               00000004
RD5                               00000005
RD6                               00000006
RD7                               00000007
RE0                               00000000
RE1                               00000001
RE2                               00000002
RE3                               00000003
READ_WRITE                        00000002
RESULT_DIR                        00000030
RP0                               00000005
RP1                               00000006
RSEN                              00000001
RX9                               00000006
RX9D                              00000000
R_NOT_W                           00000002
R_W                               00000002
S                                 00000003
SBOREN                            00000004
SCKP                              00000004
SCS                               00000000
SEN                               00000000
SENDB                             00000003
SMP                               00000007
SPBRG                             00000099
SPBRGH                            0000009A
SPEN                              00000007
SR0                               00000006
SR1                               00000007
SRCON                             00000185
SREN                              00000005
MPASM 5.84                          3-10.ASM   4-20-2023  15:46:49         PAGE  9


SYMBOL TABLE
  LABEL                             VALUE 

SSPADD                            00000093
SSPBUF                            00000013
SSPCON                            00000014
SSPCON2                           00000091
SSPEN                             00000005
SSPIE                             00000003
SSPIF                             00000003
SSPM0                             00000000
SSPM1                             00000001
SSPM2                             00000002
SSPM3                             00000003
SSPMSK                            00000093
SSPOV                             00000006
SSPSTAT                           00000094
START                             00000010
STATUS                            00000003
STRA                              00000000
STRB                              00000001
STRC                              00000002
STRD                              00000003
STRSYNC                           00000004
SWDTEN                            00000000
SYNC                              00000004
T0CS                              00000005
T0IE                              00000005
T0IF                              00000002
T0SE                              00000004
T1CKPS0                           00000004
T1CKPS1                           00000005
T1CON                             00000010
T1GINV                            00000007
T1GIV                             00000007
T1GSS                             00000001
T1INSYNC                          00000002
T1OSCEN                           00000003
T1SYNC                            00000002
T2CKPS0                           00000000
T2CKPS1                           00000001
T2CON                             00000012
TEMP                              00000043
TMR0                              00000001
TMR0IE                            00000005
TMR0IF                            00000002
TMR1                              0000000E
TMR1CS                            00000001
TMR1GE                            00000006
TMR1H                             0000000F
TMR1IE                            00000000
TMR1IF                            00000000
TMR1L                             0000000E
TMR1ON                            00000000
TMR2                              00000011
TMR2IE                            00000001
MPASM 5.84                          3-10.ASM   4-20-2023  15:46:49         PAGE 10


SYMBOL TABLE
  LABEL                             VALUE 

TMR2IF                            00000001
TMR2ON                            00000002
TOUTPS0                           00000003
TOUTPS1                           00000004
TOUTPS2                           00000005
TOUTPS3                           00000006
TRISA                             00000085
TRISA0                            00000000
TRISA1                            00000001
TRISA2                            00000002
TRISA3                            00000003
TRISA4                            00000004
TRISA5                            00000005
TRISA6                            00000006
TRISA7                            00000007
TRISB                             00000086
TRISB0                            00000000
TRISB1                            00000001
TRISB2                            00000002
TRISB3                            00000003
TRISB4                            00000004
TRISB5                            00000005
TRISB6                            00000006
TRISB7                            00000007
TRISC                             00000087
TRISC0                            00000000
TRISC1                            00000001
TRISC2                            00000002
TRISC3                            00000003
TRISC4                            00000004
TRISC5                            00000005
TRISC6                            00000006
TRISC7                            00000007
TRISD                             00000088
TRISD0                            00000000
TRISD1                            00000001
TRISD2                            00000002
TRISD3                            00000003
TRISD4                            00000004
TRISD5                            00000005
TRISD6                            00000006
TRISD7                            00000007
TRISE                             00000089
TRISE0                            00000000
TRISE1                            00000001
TRISE2                            00000002
TRISE3                            00000003
TRMT                              00000001
TUN0                              00000000
TUN1                              00000001
TUN2                              00000002
TUN3                              00000003
TUN4                              00000004
MPASM 5.84                          3-10.ASM   4-20-2023  15:46:49         PAGE 11


SYMBOL TABLE
  LABEL                             VALUE 

TX8_9                             00000006
TX9                               00000006
TX9D                              00000000
TXD8                              00000000
TXEN                              00000005
TXIE                              00000004
TXIF                              00000004
TXREG                             00000019
TXSTA                             00000098
UA                                00000001
ULPWUE                            00000005
ULPWUIE                           00000002
ULPWUIF                           00000002
VAL_LOOP                          0000000A
VCFG0                             00000004
VCFG1                             00000005
VR0                               00000000
VR1                               00000001
VR2                               00000002
VR3                               00000003
VRCON                             00000097
VREN                              00000007
VROE                              00000006
VRR                               00000005
VRSS                              00000004
W                                 00000000
WCOL                              00000007
WDTCON                            00000105
WDTPS0                            00000001
WDTPS1                            00000002
WDTPS2                            00000003
WDTPS3                            00000004
WPUB                              00000095
WPUB0                             00000000
WPUB1                             00000001
WPUB2                             00000002
WPUB3                             00000003
WPUB4                             00000004
WPUB5                             00000005
WPUB6                             00000006
WPUB7                             00000007
WR                                00000001
WREN                              00000002
WRERR                             00000003
WUE                               00000001
Z                                 00000002
_.org_1_002B                      0000002B
_BOR21V                           00003EFF
_BOR40V                           00003FFF
_BOR4V_BOR21V                     00003EFF
_BOR4V_BOR40V                     00003FFF
_BOREN_NSLEEP                     00003EFF
_BOREN_OFF                        00003CFF
MPASM 5.84                          3-10.ASM   4-20-2023  15:46:49         PAGE 12


SYMBOL TABLE
  LABEL                             VALUE 

_BOREN_ON                         00003FFF
_BOREN_SBODEN                     00003DFF
_BOR_NSLEEP                       00003EFF
_BOR_OFF                          00003CFF
_BOR_ON                           00003FFF
_BOR_SBODEN                       00003DFF
_CONFIG1                          00002007
_CONFIG2                          00002008
_CPD_OFF                          00003FFF
_CPD_ON                           00003F7F
_CP_OFF                           00003FFF
_CP_ON                            00003FBF
_DEBUG_OFF                        00003FFF
_DEBUG_ON                         00001FFF
_DEVID1                           00002006
_EC_OSC                           00003FFB
_EXTRC                            00003FFF
_EXTRCIO                          00003FFE
_EXTRC_OSC_CLKOUT                 00003FFF
_EXTRC_OSC_NOCLKOUT               00003FFE
_FCMEN_OFF                        000037FF
_FCMEN_ON                         00003FFF
_FOSC_EC                          00003FFB
_FOSC_EXTRC_CLKOUT                00003FFF
_FOSC_EXTRC_NOCLKOUT              00003FFE
_FOSC_HS                          00003FFA
_FOSC_INTRC_CLKOUT                00003FFD
_FOSC_INTRC_NOCLKOUT              00003FFC
_FOSC_LP                          00003FF8
_FOSC_XT                          00003FF9
_HS_OSC                           00003FFA
_IDLOC0                           00002000
_IDLOC1                           00002001
_IDLOC2                           00002002
_IDLOC3                           00002003
_IESO_OFF                         00003BFF
_IESO_ON                          00003FFF
_INTOSC                           00003FFD
_INTOSCIO                         00003FFC
_INTRC_OSC_CLKOUT                 00003FFD
_INTRC_OSC_NOCLKOUT               00003FFC
_LP_OSC                           00003FF8
_LVP_OFF                          00002FFF
_LVP_ON                           00003FFF
_MCLRE_OFF                        00003FDF
_MCLRE_ON                         00003FFF
_PWRTE_OFF                        00003FFF
_PWRTE_ON                         00003FEF
_WDTE_OFF                         00003FF7
_WDTE_ON                          00003FFF
_WDT_OFF                          00003FF7
_WDT_ON                           00003FFF
_WRT_1FOURTH                      00003BFF
MPASM 5.84                          3-10.ASM   4-20-2023  15:46:49         PAGE 13


SYMBOL TABLE
  LABEL                             VALUE 

_WRT_256                          00003DFF
_WRT_HALF                         000039FF
_WRT_OFF                          00003FFF
_XT_OSC                           00003FF9
__16F887                          00000001
__DEBUG                           
__MPLAB_DEBUGGER_SIMULATOR        1

Errors   :     0
Warnings :     6 reported,     0 suppressed
Messages :     1 reported,     0 suppressed

