MPASM 5.84                         8-2-3.ASM   5-18-2023  9:08:28         PAGE  1


LOC  OBJECT CODE     LINE SOURCE TEXT
  VALUE

                      00001 ; ******************************************************************************
                      00002 ;   Genere la señal que se muestra (ver gráfico en la guía) utilizando TMR0 e
                      00003 ;   interrupciones. Con un toggle en RB2
                      00004 ; ******************************************************************************
                      00005 
                      00006             #INCLUDE    <P16F887.INC>
                      00001         LIST
                      00002 
                      00003 ;==========================================================================
                      00004 ; Build date : Mar 17 2019
                      00005 ;  MPASM PIC16F887 processor include
                      00006 ; 
                      00007 ;  (c) Copyright 1999-2019 Microchip Technology, All rights reserved
                      00008 ;==========================================================================
                      00009 
                      00810         LIST
                      00007             LIST        P = 16F887
                      00008 
                      00009 ; ***************************** PIC CONFIG *************************************
2007   2FF4           00010             __CONFIG    _CONFIG1, _FOSC_INTRC_NOCLKOUT & _WDTE_OFF & _PWRTE_OFF & _MCLRE_ON & _CP_OFF & 
                            _CPD_OFF & _BOREN_ON & _IESO_ON & _FCMEN_ON & _LVP_OFF
2008   3FFF           00011             __CONFIG    _CONFIG2, _BOR4V_BOR40V & _WRT_OFF
                      00012         
                      00013 ; ***************************** VARIABLES **************************************  
Warning[207]: Found label after column 1. (RB_FLAG)
  00000020            00014             RB_FLAG     EQU 0x20
Warning[207]: Found label after column 1. (T0_FLAG)
  00000021            00015             T0_FLAG     EQU 0x21
Warning[207]: Found label after column 1. (TMR0_VAL)
  00000022            00016             TMR0_VAL    EQU 0x22
Warning[207]: Found label after column 1. (T0_OFW1)
  00000023            00017             T0_OFW1     EQU 0x23
Warning[207]: Found label after column 1. (T0_OFW2)
  00000024            00018             T0_OFW2     EQU 0x24
Warning[207]: Found label after column 1. (T0_OFW3)
  00000025            00019             T0_OFW3     EQU 0x25
                      00020         
                      00021 ; ***************************** INIT *******************************************
                      00022             ORG     0x00
0000   2???           00023             GOTO    SETUP           
                      00024             ORG     0x04
0004   2???           00025             GOTO    ISR     
                      00026             ORG     0x05
                      00027 
                      00028 ; ***************************** REG CONFIG *************************************  
0005   303C           00029 SETUP       MOVLW   .60             ; TMR0 en 60 para llegar a 50[ms]
0006   00A2           00030             MOVWF   TMR0_VAL
0007   3028           00031             MOVLW   .40
0008   00A3           00032             MOVWF   T0_OFW1
0009   3002           00033             MOVLW   .2
000A   00A4           00034             MOVWF   T0_OFW2
000B   3002           00035             MOVLW   .2
000C   00A5           00036             MOVWF   T0_OFW3
MPASM 5.84                         8-2-3.ASM   5-18-2023  9:08:28         PAGE  2


LOC  OBJECT CODE     LINE SOURCE TEXT
  VALUE

                      00037             
000D   1683 1303      00038             BANKSEL TRISB           ; Seteo RB2 input y RB4 output
000F   3004           00039             MOVLW   b'00000100'
Message[302]: Register in operand not in bank 0.  Ensure that bank bits are correct.
0010   0086           00040             MOVWF   TRISB
0011   1683 1703      00041             BANKSEL ANSELH
Message[302]: Register in operand not in bank 0.  Ensure that bank bits are correct.
0013   0189           00042             CLRF    ANSELH
Message[302]: Register in operand not in bank 0.  Ensure that bank bits are correct.
0014   0188           00043             CLRF    ANSEL
                      00044             
0015   1683 1303      00045             BANKSEL WPUB            ; Activo pull-ups RB2
0017   3004           00046             MOVLW   b'00000100'
Message[302]: Register in operand not in bank 0.  Ensure that bank bits are correct.
0018   0095           00047             MOVWF   WPUB
                      00048             
0019   1683 1303      00049             BANKSEL OPTION_REG      ; Activo pull-ups en PORTB y asigno prescaler 256
001B   3007           00050             MOVLW   b'00000111'
Message[302]: Register in operand not in bank 0.  Ensure that bank bits are correct.
001C   0081           00051             MOVWF   OPTION_REG
                      00052             
001D   1683 1303      00053             BANKSEL IOCB            ; Activo interrupciones por RB2
001F   3004           00054             MOVLW   b'00000100'
Message[302]: Register in operand not in bank 0.  Ensure that bank bits are correct.
0020   0096           00055             MOVWF   IOCB
                      00056             
0021   1283 1303      00057             BANKSEL INTCON          ; Activo interrupciones por RBIE y TMR0
0023   30A8           00058             MOVLW   b'10101000'
0024   008B           00059             MOVWF   INTCON
                      00060             
0025   1020           00061             BCF     RB_FLAG, 0      ; Arranco la flag en 0, osea que no hay senal
0026   2???           00062             CALL    LOAD_TMR0
0027   2???           00063             GOTO    MAIN
                      00064                     
                      00065 ; ***************************** MAIN *******************************************
0028   2???           00066 MAIN        GOTO    $               ; Espero interrupcion
                      00067             
                      00068 ; *********************** SUB-ROUTINES *****************************************
0029   0822           00069 LOAD_TMR0   MOVF    TMR0_VAL, W     ; Cargo TMR0 con 60 para contar 50[ms]
002A   0081           00070             MOVWF   TMR0
002B   0008           00071             RETURN
                      00072          
Message[305]: Using default destination of 1 (file).
002C   09A0           00073 SET_RBFLAG  COMF    RB_FLAG
002D   1206           00074             BCF     PORTB, RB4
002E   2???           00075             GOTO    END_ISR
                      00076             
002F   1820           00077 CHECK_RB    BTFSC   RB_FLAG, 0      ; Si la flag esta en 1 activo la senal
0030   2???           00078             GOTO    SIGNAL_GEN      ; Si la flag esta en 0 dejo todo como esta y retorno
0031   2???           00079             GOTO    END_ISR
                      00080             
0032   1C21           00081 CHECK_T0    BTFSS   T0_FLAG, 0
0033   2???           00082             GOTO    DOUBLE
MPASM 5.84                         8-2-3.ASM   5-18-2023  9:08:28         PAGE  3


LOC  OBJECT CODE     LINE SOURCE TEXT
  VALUE

0034   2???           00083             GOTO    END_ISR
                      00084             
Message[305]: Using default destination of 1 (file).
0035   0BA5           00085 DOUBLE      DECFSZ  T0_OFW3
0036   2???           00086             GOTO    END_ISR
0037   2???           00087             GOTO    TOG_RB4
                      00088 
0038   1E06           00089 TOG_RB4     BTFSS   PORTB, RB4
0039   2???           00090             GOTO    RB4_ON
003A   2???           00091             GOTO    RB4_OFF
                      00092             
003B   1606           00093 RB4_ON      BSF     PORTB, RB4  
003C   3002           00094             MOVLW   .2
003D   00A5           00095             MOVWF   T0_OFW3
003E   2???           00096             GOTO    END_ISR
                      00097   
003F   1206           00098 RB4_OFF     BCF     PORTB, RB4  
0040   3002           00099             MOVLW   .2
0041   00A5           00100             MOVWF   T0_OFW3
0042   2???           00101             GOTO    END_ISR
                      00102             
0043   3028           00103 RESET_OFW1  MOVLW   .40
0044   00A3           00104             MOVWF   T0_OFW1
0045   0008           00105             RETURN
                      00106             
0046   3002           00107 RESET_OFW2  MOVLW   .2
0047   00A4           00108             MOVWF   T0_OFW2
0048   0008           00109             RETURN      
                      00110             
0049   1021           00111 RESET_ALL   BCF     T0_FLAG, 0
004A   2???           00112             CALL    RESET_OFW1
004B   2???           00113             CALL    RESET_OFW2
004C   2???           00114             CALL    TOG_RB4
004D   2???           00115             GOTO    END_ISR
                      00116             
                      00117             
                      00118 ; *********************** INTERRUPTION ROUTINE *********************************
004E   180B           00119 ISR         BTFSC   INTCON, RBIF    ; Testeo si es interrupcion de RB, si es asi pongo la FLAG en 1 y vu
                            elvo
004F   2???           00120             GOTO    SET_RBFLAG
0050   190B           00121             BTFSC   INTCON, T0IF    ; Testeo si es interrupcion de TMR0, si es asi testeo si la FLAG est
                            a en 1      
0051   2???           00122             GOTO    CHECK_RB
0052   2???           00123             GOTO    END_ISR
                      00124                     
Message[305]: Using default destination of 1 (file).
0053   0BA3           00125 SIGNAL_GEN  DECFSZ  T0_OFW1
0054   2???           00126             GOTO    CHECK_T0
0055   2???           00127             CALL    RESET_OFW1
0056   1421           00128             BSF     T0_FLAG, 0
Message[305]: Using default destination of 1 (file).
0057   0BA4           00129             DECFSZ  T0_OFW2
0058   2???           00130             GOTO    END_ISR
MPASM 5.84                         8-2-3.ASM   5-18-2023  9:08:28         PAGE  4


LOC  OBJECT CODE     LINE SOURCE TEXT
  VALUE

0059   2???           00131             GOTO    RESET_ALL
                      00132             
005A   1506           00133 END_ISR     BSF     PORTB,  RB2
005B   100B           00134             BCF     INTCON, RBIF    ; Apago la flag de RBIE
005C   110B           00135             BCF     INTCON, T0IF    ; Apago la flag de TMR0 y vuelvo a iniciar el contador para 50[ms]
005D   2???           00136             CALL    LOAD_TMR0
005E   0009           00137             RETFIE
                      00138             
2FF4 3FFF             00139             END
MPASM 5.84                         8-2-3.ASM   5-18-2023  9:08:28         PAGE  5


SYMBOL TABLE
  LABEL                             VALUE 

ABDEN                             00000000
ABDOVF                            00000007
ACKDT                             00000005
ACKEN                             00000004
ACKSTAT                           00000006
ADCON0                            0000001F
ADCON1                            0000009F
ADCS0                             00000006
ADCS1                             00000007
ADDEN                             00000003
ADFM                              00000007
ADIE                              00000006
ADIF                              00000006
ADON                              00000000
ADRESH                            0000001E
ADRESL                            0000009E
ANS0                              00000000
ANS1                              00000001
ANS10                             00000002
ANS11                             00000003
ANS12                             00000004
ANS13                             00000005
ANS2                              00000002
ANS3                              00000003
ANS4                              00000004
ANS5                              00000005
ANS6                              00000006
ANS7                              00000007
ANS8                              00000000
ANS9                              00000001
ANSEL                             00000188
ANSELH                            00000189
BAUDCTL                           00000187
BCLIE                             00000003
BCLIF                             00000003
BF                                00000000
BRG0                              00000000
BRG1                              00000001
BRG10                             00000002
BRG11                             00000003
BRG12                             00000004
BRG13                             00000005
BRG14                             00000006
BRG15                             00000007
BRG16                             00000003
BRG2                              00000002
BRG3                              00000003
BRG4                              00000004
BRG5                              00000005
BRG6                              00000006
BRG7                              00000007
BRG8                              00000000
BRG9                              00000001
MPASM 5.84                         8-2-3.ASM   5-18-2023  9:08:28         PAGE  6


SYMBOL TABLE
  LABEL                             VALUE 

BRGH                              00000002
C                                 00000000
C1CH0                             00000000
C1CH1                             00000001
C1IE                              00000005
C1IF                              00000005
C1OE                              00000005
C1ON                              00000007
C1OUT                             00000006
C1POL                             00000004
C1R                               00000002
C1RSEL                            00000005
C1SEN                             00000005
C2CH0                             00000000
C2CH1                             00000001
C2IE                              00000006
C2IF                              00000006
C2OE                              00000005
C2ON                              00000007
C2OUT                             00000006
C2POL                             00000004
C2R                               00000002
C2REN                             00000004
C2RSEL                            00000004
C2SYNC                            00000000
CCP1CON                           00000017
CCP1IE                            00000002
CCP1IF                            00000002
CCP1M0                            00000000
CCP1M1                            00000001
CCP1M2                            00000002
CCP1M3                            00000003
CCP1X                             00000005
CCP1Y                             00000004
CCP2CON                           0000001D
CCP2IE                            00000000
CCP2IF                            00000000
CCP2M0                            00000000
CCP2M1                            00000001
CCP2M2                            00000002
CCP2M3                            00000003
CCP2X                             00000005
CCP2Y                             00000004
CCPR1                             00000015
CCPR1H                            00000016
CCPR1L                            00000015
CCPR2                             0000001B
CCPR2H                            0000001C
CCPR2L                            0000001B
CHECK_RB                          0000002F
CHECK_T0                          00000032
CHS0                              00000002
CHS1                              00000003
MPASM 5.84                         8-2-3.ASM   5-18-2023  9:08:28         PAGE  7


SYMBOL TABLE
  LABEL                             VALUE 

CHS2                              00000004
CHS3                              00000005
CKE                               00000006
CKP                               00000004
CM1CON0                           00000107
CM2CON0                           00000108
CM2CON1                           00000109
CREN                              00000004
CSRC                              00000007
D                                 00000005
DATA_ADDRESS                      00000005
DC                                00000001
DC1B0                             00000004
DC1B1                             00000005
DC2B0                             00000004
DC2B1                             00000005
DOUBLE                            00000035
D_A                               00000005
D_NOT_A                           00000005
ECCPAS                            0000009C
ECCPAS0                           00000004
ECCPAS1                           00000005
ECCPAS2                           00000006
ECCPASE                           00000007
EEADR                             0000010D
EEADRH                            0000010F
EECON1                            0000018C
EECON2                            0000018D
EEDAT                             0000010C
EEDATA                            0000010C
EEDATH                            0000010E
EEIE                              00000004
EEIF                              00000004
EEPGD                             00000007
END_ISR                           0000005A
F                                 00000001
FERR                              00000002
FSR                               00000004
FVREN                             00000000
GCEN                              00000007
GIE                               00000007
GO                                00000001
GO_DONE                           00000001
GO_NOT_DONE                       00000001
HTS                               00000002
I2C_DATA                          00000005
I2C_READ                          00000002
I2C_START                         00000003
I2C_STOP                          00000004
INDF                              00000000
INTCON                            0000000B
INTE                              00000004
INTEDG                            00000006
MPASM 5.84                         8-2-3.ASM   5-18-2023  9:08:28         PAGE  8


SYMBOL TABLE
  LABEL                             VALUE 

INTF                              00000001
IOCB                              00000096
IOCB0                             00000000
IOCB1                             00000001
IOCB2                             00000002
IOCB3                             00000003
IOCB4                             00000004
IOCB5                             00000005
IOCB6                             00000006
IOCB7                             00000007
IRCF0                             00000004
IRCF1                             00000005
IRCF2                             00000006
IRP                               00000007
ISR                               0000004E
LOAD_TMR0                         00000029
LTS                               00000001
MAIN                              00000028
MC1OUT                            00000007
MC2OUT                            00000006
MSK                               00000093
MSK0                              00000000
MSK1                              00000001
MSK2                              00000002
MSK3                              00000003
MSK4                              00000004
MSK5                              00000005
MSK6                              00000006
MSK7                              00000007
NOT_A                             00000005
NOT_ADDRESS                       00000005
NOT_BO                            00000000
NOT_BOR                           00000000
NOT_DONE                          00000001
NOT_PD                            00000003
NOT_POR                           00000001
NOT_RBPU                          00000007
NOT_RC8                           00000006
NOT_T1SYNC                        00000002
NOT_TO                            00000004
NOT_TX8                           00000006
NOT_W                             00000002
NOT_WRITE                         00000002
OERR                              00000001
OPTION_REG                        00000081
OSCCON                            0000008F
OSCTUNE                           00000090
OSFIE                             00000007
OSFIF                             00000007
OSTS                              00000003
P                                 00000004
P1M0                              00000006
P1M1                              00000007
MPASM 5.84                         8-2-3.ASM   5-18-2023  9:08:28         PAGE  9


SYMBOL TABLE
  LABEL                             VALUE 

PCL                               00000002
PCLATH                            0000000A
PCON                              0000008E
PDC0                              00000000
PDC1                              00000001
PDC2                              00000002
PDC3                              00000003
PDC4                              00000004
PDC5                              00000005
PDC6                              00000006
PEIE                              00000006
PEN                               00000002
PIE1                              0000008C
PIE2                              0000008D
PIR1                              0000000C
PIR2                              0000000D
PORTA                             00000005
PORTB                             00000006
PORTC                             00000007
PORTD                             00000008
PORTE                             00000009
PR2                               00000092
PRSEN                             00000007
PS0                               00000000
PS1                               00000001
PS2                               00000002
PSA                               00000003
PSSAC0                            00000002
PSSAC1                            00000003
PSSBD0                            00000000
PSSBD1                            00000001
PSTRCON                           0000009D
PULSR                             00000002
PULSS                             00000003
PWM1CON                           0000009B
R                                 00000002
RA0                               00000000
RA1                               00000001
RA2                               00000002
RA3                               00000003
RA4                               00000004
RA5                               00000005
RA6                               00000006
RA7                               00000007
RB0                               00000000
RB1                               00000001
RB2                               00000002
RB3                               00000003
RB4                               00000004
RB4_OFF                           0000003F
RB4_ON                            0000003B
RB5                               00000005
RB6                               00000006
MPASM 5.84                         8-2-3.ASM   5-18-2023  9:08:28         PAGE 10


SYMBOL TABLE
  LABEL                             VALUE 

RB7                               00000007
RBIE                              00000003
RBIF                              00000000
RB_FLAG                           00000020
RC0                               00000000
RC1                               00000001
RC2                               00000002
RC3                               00000003
RC4                               00000004
RC5                               00000005
RC6                               00000006
RC7                               00000007
RC8_9                             00000006
RC9                               00000006
RCD8                              00000000
RCEN                              00000003
RCIDL                             00000006
RCIE                              00000005
RCIF                              00000005
RCREG                             0000001A
RCSTA                             00000018
RD                                00000000
RD0                               00000000
RD1                               00000001
RD2                               00000002
RD3                               00000003
RD4                               00000004
RD5                               00000005
RD6                               00000006
RD7                               00000007
RE0                               00000000
RE1                               00000001
RE2                               00000002
RE3                               00000003
READ_WRITE                        00000002
RESET_ALL                         00000049
RESET_OFW1                        00000043
RESET_OFW2                        00000046
RP0                               00000005
RP1                               00000006
RSEN                              00000001
RX9                               00000006
RX9D                              00000000
R_NOT_W                           00000002
R_W                               00000002
S                                 00000003
SBOREN                            00000004
SCKP                              00000004
SCS                               00000000
SEN                               00000000
SENDB                             00000003
SETUP                             00000005
SET_RBFLAG                        0000002C
MPASM 5.84                         8-2-3.ASM   5-18-2023  9:08:28         PAGE 11


SYMBOL TABLE
  LABEL                             VALUE 

SIGNAL_GEN                        00000053
SMP                               00000007
SPBRG                             00000099
SPBRGH                            0000009A
SPEN                              00000007
SR0                               00000006
SR1                               00000007
SRCON                             00000185
SREN                              00000005
SSPADD                            00000093
SSPBUF                            00000013
SSPCON                            00000014
SSPCON2                           00000091
SSPEN                             00000005
SSPIE                             00000003
SSPIF                             00000003
SSPM0                             00000000
SSPM1                             00000001
SSPM2                             00000002
SSPM3                             00000003
SSPMSK                            00000093
SSPOV                             00000006
SSPSTAT                           00000094
STATUS                            00000003
STRA                              00000000
STRB                              00000001
STRC                              00000002
STRD                              00000003
STRSYNC                           00000004
SWDTEN                            00000000
SYNC                              00000004
T0CS                              00000005
T0IE                              00000005
T0IF                              00000002
T0SE                              00000004
T0_FLAG                           00000021
T0_OFW1                           00000023
T0_OFW2                           00000024
T0_OFW3                           00000025
T1CKPS0                           00000004
T1CKPS1                           00000005
T1CON                             00000010
T1GINV                            00000007
T1GIV                             00000007
T1GSS                             00000001
T1INSYNC                          00000002
T1OSCEN                           00000003
T1SYNC                            00000002
T2CKPS0                           00000000
T2CKPS1                           00000001
T2CON                             00000012
TMR0                              00000001
TMR0IE                            00000005
MPASM 5.84                         8-2-3.ASM   5-18-2023  9:08:28         PAGE 12


SYMBOL TABLE
  LABEL                             VALUE 

TMR0IF                            00000002
TMR0_VAL                          00000022
TMR1                              0000000E
TMR1CS                            00000001
TMR1GE                            00000006
TMR1H                             0000000F
TMR1IE                            00000000
TMR1IF                            00000000
TMR1L                             0000000E
TMR1ON                            00000000
TMR2                              00000011
TMR2IE                            00000001
TMR2IF                            00000001
TMR2ON                            00000002
TOG_RB4                           00000038
TOUTPS0                           00000003
TOUTPS1                           00000004
TOUTPS2                           00000005
TOUTPS3                           00000006
TRISA                             00000085
TRISA0                            00000000
TRISA1                            00000001
TRISA2                            00000002
TRISA3                            00000003
TRISA4                            00000004
TRISA5                            00000005
TRISA6                            00000006
TRISA7                            00000007
TRISB                             00000086
TRISB0                            00000000
TRISB1                            00000001
TRISB2                            00000002
TRISB3                            00000003
TRISB4                            00000004
TRISB5                            00000005
TRISB6                            00000006
TRISB7                            00000007
TRISC                             00000087
TRISC0                            00000000
TRISC1                            00000001
TRISC2                            00000002
TRISC3                            00000003
TRISC4                            00000004
TRISC5                            00000005
TRISC6                            00000006
TRISC7                            00000007
TRISD                             00000088
TRISD0                            00000000
TRISD1                            00000001
TRISD2                            00000002
TRISD3                            00000003
TRISD4                            00000004
TRISD5                            00000005
MPASM 5.84                         8-2-3.ASM   5-18-2023  9:08:28         PAGE 13


SYMBOL TABLE
  LABEL                             VALUE 

TRISD6                            00000006
TRISD7                            00000007
TRISE                             00000089
TRISE0                            00000000
TRISE1                            00000001
TRISE2                            00000002
TRISE3                            00000003
TRMT                              00000001
TUN0                              00000000
TUN1                              00000001
TUN2                              00000002
TUN3                              00000003
TUN4                              00000004
TX8_9                             00000006
TX9                               00000006
TX9D                              00000000
TXD8                              00000000
TXEN                              00000005
TXIE                              00000004
TXIF                              00000004
TXREG                             00000019
TXSTA                             00000098
UA                                00000001
ULPWUE                            00000005
ULPWUIE                           00000002
ULPWUIF                           00000002
VCFG0                             00000004
VCFG1                             00000005
VR0                               00000000
VR1                               00000001
VR2                               00000002
VR3                               00000003
VRCON                             00000097
VREN                              00000007
VROE                              00000006
VRR                               00000005
VRSS                              00000004
W                                 00000000
WCOL                              00000007
WDTCON                            00000105
WDTPS0                            00000001
WDTPS1                            00000002
WDTPS2                            00000003
WDTPS3                            00000004
WPUB                              00000095
WPUB0                             00000000
WPUB1                             00000001
WPUB2                             00000002
WPUB3                             00000003
WPUB4                             00000004
WPUB5                             00000005
WPUB6                             00000006
WPUB7                             00000007
MPASM 5.84                         8-2-3.ASM   5-18-2023  9:08:28         PAGE 14


SYMBOL TABLE
  LABEL                             VALUE 

WR                                00000001
WREN                              00000002
WRERR                             00000003
WUE                               00000001
Z                                 00000002
_.org_2_0028                      00000028
_BOR21V                           00003EFF
_BOR40V                           00003FFF
_BOR4V_BOR21V                     00003EFF
_BOR4V_BOR40V                     00003FFF
_BOREN_NSLEEP                     00003EFF
_BOREN_OFF                        00003CFF
_BOREN_ON                         00003FFF
_BOREN_SBODEN                     00003DFF
_BOR_NSLEEP                       00003EFF
_BOR_OFF                          00003CFF
_BOR_ON                           00003FFF
_BOR_SBODEN                       00003DFF
_CONFIG1                          00002007
_CONFIG2                          00002008
_CPD_OFF                          00003FFF
_CPD_ON                           00003F7F
_CP_OFF                           00003FFF
_CP_ON                            00003FBF
_DEBUG_OFF                        00003FFF
_DEBUG_ON                         00001FFF
_DEVID1                           00002006
_EC_OSC                           00003FFB
_EXTRC                            00003FFF
_EXTRCIO                          00003FFE
_EXTRC_OSC_CLKOUT                 00003FFF
_EXTRC_OSC_NOCLKOUT               00003FFE
_FCMEN_OFF                        000037FF
_FCMEN_ON                         00003FFF
_FOSC_EC                          00003FFB
_FOSC_EXTRC_CLKOUT                00003FFF
_FOSC_EXTRC_NOCLKOUT              00003FFE
_FOSC_HS                          00003FFA
_FOSC_INTRC_CLKOUT                00003FFD
_FOSC_INTRC_NOCLKOUT              00003FFC
_FOSC_LP                          00003FF8
_FOSC_XT                          00003FF9
_HS_OSC                           00003FFA
_IDLOC0                           00002000
_IDLOC1                           00002001
_IDLOC2                           00002002
_IDLOC3                           00002003
_IESO_OFF                         00003BFF
_IESO_ON                          00003FFF
_INTOSC                           00003FFD
_INTOSCIO                         00003FFC
_INTRC_OSC_CLKOUT                 00003FFD
_INTRC_OSC_NOCLKOUT               00003FFC
MPASM 5.84                         8-2-3.ASM   5-18-2023  9:08:28         PAGE 15


SYMBOL TABLE
  LABEL                             VALUE 

_LP_OSC                           00003FF8
_LVP_OFF                          00002FFF
_LVP_ON                           00003FFF
_MCLRE_OFF                        00003FDF
_MCLRE_ON                         00003FFF
_PWRTE_OFF                        00003FFF
_PWRTE_ON                         00003FEF
_WDTE_OFF                         00003FF7
_WDTE_ON                          00003FFF
_WDT_OFF                          00003FF7
_WDT_ON                           00003FFF
_WRT_1FOURTH                      00003BFF
_WRT_256                          00003DFF
_WRT_HALF                         000039FF
_WRT_OFF                          00003FFF
_XT_OSC                           00003FF9
__16F887                          00000001

Errors   :     0
Warnings :     6 reported,     0 suppressed
Messages :    10 reported,     0 suppressed

