MPASM 5.84                           7-3.ASM   5-18-2023  22:27:46         PAGE  1


LOC  OBJECT CODE     LINE SOURCE TEXT
  VALUE

                      00001 ;; ******************************************************************************
                      00002 ;; Utilizando PORTA y PORTC para controlar la multiplexación de dos displays
                      00003 ;; de siete segmentos de cátodo común, desarrolle un programa que cuente desde
                      00004 ;; '00' hasta '99'. El contador avanza una cuenta cada un segundo y al llegar 
                      00005 ;; a '99' se resetea, volviendo a contar desde '00' indefinidamente.
                      00006 ;; ******************************************************************************
                      00007 ;
                      00008 ;           #INCLUDE    <P16F887.INC>
                      00009 ;           LIST    P = 16F887
                      00010 ;
                      00011 ;; ***************************** PIC CONFIG *************************************
                      00012 ;           __CONFIG    _CONFIG1, _FOSC_INTRC_NOCLKOUT & _WDTE_OFF & _PWRTE_OFF & _MCLRE_ON & _CP_OFF & 
                            _CPD_OFF & _BOREN_ON & _IESO_ON & _FCMEN_ON & _LVP_ON
                      00013 ;           __CONFIG    _CONFIG2, _BOR4V_BOR40V & _WRT_OFF
                      00014 ;       
                      00015 ;; ***************************** VARIABLES **************************************  
                      00016 ;           UNITS   EQU 0x20    ; Unidades y decenas, con sus respectivos
                      00017 ;           TENS    EQU 0x21    ; y sus límites 
                      00018 ;           LIM_UNI EQU 0x22    
                      00019 ;           LIM_TEN EQU 0x23
                      00020 ;           DISP_ON EQU 0x24    ; Display a encender.
                      00021 ;           DISP_Q  EQU 0x25    ; Cantidad de displays utilizados.
                      00022 ;           T0_OFW  EQU 0x26    ; Overflow para el TMR0 para contar 1[s].
                      00023 ;           CNT1    EQU 0x27    ; Variables para el retardo de multiplexado.
                      00024 ;           CNT2    EQU 0x28
                      00025 ;           SAVE_S  EQU 0x29    ; Registros para salvar contexto.
                      00026 ;           SAVE_W  EQU 0x2A
                      00027 ;   
                      00028 ;; ***************************** INIT *******************************************
                      00029 ;           ORG     0x00
                      00030 ;           GOTO    SETUP           
                      00031 ;           ORG     0x04
                      00032 ;           GOTO    IRS     
                      00033 ;           ORG     0x05
                      00034 ;           
                      00035 ;; ***************************** REG CONFIG *************************************  
                      00036 ;SETUP      CLRF    UNITS           ; Comienzo en 00 y voy hasta 99.
                      00037 ;           CLRF    TENS
                      00038 ;           
                      00039 ;           MOVLW   .10             ; Cargo limites por decena y unidad
                      00040 ;           MOVWF   LIM_UNI
                      00041 ;           MOVWF   LIM_TEN
                      00042 ;           
                      00043 ;           CLRF    DISP_ON         ; Comienzo con el display 0, y voy a
                      00044 ;           MOVLW   .2              ; trabajar con dos displays en total.
                      00045 ;           MOVWF   DISP_Q
                      00046 ;           
                      00047 ;           MOVLW   .20             ; Voy a contar 20 veces 50[ms].
                      00048 ;           MOVWF   T0_OFW          ; Delay ~1[seg]
                      00049 ;           
                      00050 ;           BANKSEL TRISA           ; PORTA y PORTC serán outputs digitales.
                      00051 ;           CLRF    TRISA           ; Output = 0
                      00052 ;           BANKSEL ANSEL
MPASM 5.84                           7-3.ASM   5-18-2023  22:27:46         PAGE  2


LOC  OBJECT CODE     LINE SOURCE TEXT
  VALUE

                      00053 ;           CLRF    ANSEL
                      00054 ;           BANKSEL TRISC
                      00055 ;           CLRF    TRISC
                      00056 ;           
                      00057 ;           BANKSEL OPTION_REG      ; Configuro TMR0 con un prescaler de 1:256
                      00058 ;           BCF     OPTION_REG, T0CS
                      00059 ;           BCF     OPTION_REG, PSA 
                      00060 ;           BSF     OPTION_REG, PS2
                      00061 ;           BSF     OPTION_REG, PS1 
                      00062 ;           BSF     OPTION_REG, PS0 ; OPTION_REG = <1101 0111>
                      00063 ;           
                      00064 ;           BANKSEL INTCON          ; Habilito interrupciones por TMR0.
                      00065 ;           BSF     INTCON, GIE
                      00066 ;           BSF     INTCON, T0IE
                      00067 ;           BCF     INTCON, T0IF    ; INTCON = <1010 0000>
                      00068 ;           
                      00069 ;           BANKSEL TMR0            ; Pongo a TMR0 a contar.
                      00070 ;           MOVLW   .60
                      00071 ;           MOVWF   TMR0
                      00072 ;           
                      00073 ;           BANKSEL PORTA           ; Vuelvo al banco de PORTA para comenzar.
                      00074 ;           GOTO    MAIN
                      00075 ;
                      00076 ;; ***************************** MAIN *******************************************           
                      00077 ;MAIN       MOVF    DISP_ON, W      
                      00078 ;           CALL    DISP_SEL
                      00079 ;           MOVWF   PORTC
                      00080 ;           MOVF    DISP_ON, W      
                      00081 ;           CALL    D_OR_U
                      00082 ;           MOVWF   FSR
                      00083 ;           MOVF    INDF, W                 
                      00084 ;           CALL    D7S_ANOD
                      00085 ;           MOVWF   PORTA
                      00086 ;           CALL    MUX_DELAY
                      00087 ;           INCF    DISP_ON
                      00088 ;           MOVF    DISP_ON, W      
                      00089 ;           SUBWF   DISP_Q, W
                      00090 ;           BTFSC   STATUS, Z
                      00091 ;           CLRF    DISP_ON
                      00092 ;           GOTO    MAIN
                      00093 ;
                      00094 ;; *********************** TABLES ***********************************************
                      00095 ;D7S_CATH    ADDWF   PCL, F         ; Retorno el valor a mostrar por el display.
                      00096 ;           RETLW   B'00111111'     ; 0     Catodo comun -> hgfedcba
                      00097 ;           RETLW   B'00000110'     ; 1
                      00098 ;           RETLW   B'01011011'     ; 2
                      00099 ;           RETLW   B'01001111'     ; 3
                      00100 ;           RETLW   B'01100110'     ; 4
                      00101 ;           RETLW   B'01101101'     ; 5
                      00102 ;           RETLW   B'01111101'     ; 6
                      00103 ;           RETLW   B'00000111'     ; 7
                      00104 ;           RETLW   B'01111111'     ; 8
                      00105 ;           RETLW   B'01101111'     ; 9
MPASM 5.84                           7-3.ASM   5-18-2023  22:27:46         PAGE  3


LOC  OBJECT CODE     LINE SOURCE TEXT
  VALUE

                      00106 ;           
                      00107 ;D7S_ANOD    ADDWF   PCL, F         ; Retorno el valor a mostrar por el display.
                      00108 ;           RETLW   B'11000000'     ; 0     Anodo comun -> hgfedcba
                      00109 ;           RETLW   B'11111001'     ; 1
                      00110 ;           RETLW   B'10100100'     ; 2
                      00111 ;           RETLW   B'10110000'     ; 3
                      00112 ;           RETLW   B'10011001'     ; 4
                      00113 ;           RETLW   B'10010010'     ; 5
                      00114 ;           RETLW   B'10000010'     ; 6
                      00115 ;           RETLW   B'11111000'     ; 7
                      00116 ;           RETLW   B'10000000'     ; 8
                      00117 ;           RETLW   B'10010000'     ; 9
                      00118 ;
                      00119 ;DISP_SEL    ADDWF   PCL, F         ; Tabla para elegir qué display encender.
                      00120 ;           RETLW   B'11111110'
                      00121 ;           RETLW   B'11111101'
                      00122 ;           
                      00123 ;D_OR_U     ADDWF   PCL, F          ; Tabla para mover a FSR la dirección de
                      00124 ;           RETLW   0x20            ; las unidades o decenas según el display a
                      00125 ;           RETLW   0x21            ; encender.
                      00126 ;           
                      00127 ;; *********************** SUB-ROUTINES *****************************************
                      00128 ;MUX_DELAY   MOVLW   .250           ; Retardo por software de ~10[ms].
                      00129 ;           MOVWF   CNT1            ; Este retardo es el switching de
                      00130 ;           MOVLW   .13             ; multiplexado entre displays.
                      00131 ;           MOVWF   CNT2
                      00132 ;    MUXL    DECFSZ  CNT1
                      00133 ;           GOTO    $-1
                      00134 ;           DECFSZ  CNT2
                      00135 ;           GOTO    $-3
                      00136 ;           RETURN
                      00137 ;           
                      00138 ;RESET_OFW   MOVLW   .20                    ; Reseteo el overflow con 20.
                      00139 ;           MOVWF   T0_OFW          ; TMR0 cuenta 20 veces 50[ms].
                      00140 ;           RETURN
                      00141 ;           
                      00142 ;RESET_UNI   CLRF    UNITS          ; Si llego a 09, reseto la unidad e 
                      00143 ;           INCF    TENS, F         ; incremento en 1a decena teniendo en
                      00144 ;           MOVFW   TENS            ; cuenta los limites.
                      00145 ;           SUBWF   LIM_TEN, W
                      00146 ;           BTFSC   STATUS, Z
                      00147 ;           CLRF    TENS
                      00148 ;           RETURN
                      00149 ;           
                      00150 ;; *********************** INTERRUPTION ROUTINE *********************************
                      00151 ;IRS        MOVWF   SAVE_W          ; Salvo el contexto de W y STATUS
                      00152 ;           SWAPF   STATUS,W        
                      00153 ;           MOVWF   SAVE_S          
                      00154 ;           
                      00155 ;           BTFSS   INTCON, T0IF    ; Sólo atiendo interrupciones por TMR0.
                      00156 ;           GOTO    END_IRS
                      00157 ;           DECFSZ  T0_OFW          ; Cada 1[s] actualizo las unidades
                      00158 ;           GOTO    RESET_TMR0      ; Cada 10[s] actualizo las decenas
MPASM 5.84                           7-3.ASM   5-18-2023  22:27:46         PAGE  4


LOC  OBJECT CODE     LINE SOURCE TEXT
  VALUE

                      00159 ;           CALL    RESET_OFW       ; Siempre verificando el limite
                      00160 ;           INCF    UNITS, F
                      00161 ;           MOVF    UNITS, W        
                      00162 ;           SUBWF   LIM_UNI, W
                      00163 ;           BTFSC   STATUS ,Z
                      00164 ;           CALL    RESET_UNI
                      00165 ;           GOTO    END_IRS
                      00166 ;           
                      00167 ;RESET_TMR0  MOVLW   .60
                      00168 ;           MOVWF   TMR0
                      00169 ;           GOTO    END_IRS
                      00170 ;           
                      00171 ;END_IRS            SWAPF   SAVE_S, W       ; Salvo contexto, bajo la flag y retorno
                      00172 ;           MOVWF   STATUS          ; de la interrupcion.
                      00173 ;           SWAPF   SAVE_W, F
                      00174 ;           SWAPF   SAVE_W, W
                      00175 ;           BCF     INTCON, T0IF
                      00176 ;           RETFIE
                      00177 ;           
                      00178 ;           END
                      00179     
                      00180 ;Ejercicio 7.3 con T0
                      00181 ;Según el esquema que se muestra y utilizando técnicas de multiplexado de display
                      00182 ;desarrolle un programa que cuente desde ´000000´al iniciarse el programa.
                      00183 ;El contador avanza una cuenta cada segundo y al llegar a ´999999´ vuelve a ´000000´
                      00184 ;y así indefinidamente. Los displays y la cuenta se manejan por la interrupción en RB0
                      00185 ;que se activa por flanco descendente.
                      00186 ;Se pide además calcular la frecuencia a la que se debe colocar el generador de onda cuadrada
                      00187 ;que ingresa por RB0.
                      00188 
                      00189 
Warning[205]: Found directive in column 1. (LIST)
                      00190 LIST P=16F887
Warning[205]: Found directive in column 1. (INCLUDE)
                      00191 INCLUDE <p16f887.inc>
                      00001         LIST
                      00002 
                      00003 ;==========================================================================
                      00004 ; Build date : Mar 17 2019
                      00005 ;  MPASM PIC16F887 processor include
                      00006 ; 
                      00007 ;  (c) Copyright 1999-2019 Microchip Technology, All rights reserved
                      00008 ;==========================================================================
                      00009 
                      00810         LIST
                      00192 ; CONFIG1
                      00193 ; __config 0x3FD7
2007   3FD7           00194     __CONFIG _CONFIG1, _FOSC_EXTRC_CLKOUT & _WDTE_OFF & _PWRTE_OFF & _MCLRE_OFF & _CP_OFF & _CPD_OFF & _
                            BOREN_ON & _IESO_ON & _FCMEN_ON & _LVP_ON
                      00195 ; CONFIG2
                      00196 ; __config 0x3FFF
2008   3FFF           00197     __CONFIG _CONFIG2, _BOR4V_BOR40V & _WRT_OFF
                      00198 
MPASM 5.84                           7-3.ASM   5-18-2023  22:27:46         PAGE  5


LOC  OBJECT CODE     LINE SOURCE TEXT
  VALUE

Warning[205]: Found directive in column 1. (CBLOCK)
                      00199 CBLOCK 0X20
  00000020            00200     W_AUX
  00000021            00201     STATUS_AUX
  00000022            00202     POSICION
  00000023            00203     DIGIT_N
                      00204     ENDC
                      00205 
                      00206 
                      00207 
                      00208     ORG         0X00
0000   2???           00209     GOTO        CONFI
                      00210     ORG         0X04
0004   2???           00211     GOTO        ISR
                      00212     ORG         0X05
                      00213 
0005                  00214 CONFI
0005   1683           00215     BSF                 STATUS,RP0
0006   1703           00216     BSF                 STATUS,RP1
Message[302]: Register in operand not in bank 0.  Ensure that bank bits are correct.
0007   0188           00217     CLRF                ANSEL
Message[302]: Register in operand not in bank 0.  Ensure that bank bits are correct.
0008   0189           00218     CLRF                ANSELH
0009   1303           00219     BCF                 STATUS,RP1
Message[302]: Register in operand not in bank 0.  Ensure that bank bits are correct.
000A   0185           00220     CLRF                TRISA
Message[302]: Register in operand not in bank 0.  Ensure that bank bits are correct.
000B   0187           00221     CLRF                TRISC
Message[302]: Register in operand not in bank 0.  Ensure that bank bits are correct.
000C   1406           00222     BSF                 TRISB,0
                      00223                 
                      00224     ;CONFIGURO OPTION_REG
000D   3083           00225     MOVLW               B'10000011'
Message[302]: Register in operand not in bank 0.  Ensure that bank bits are correct.
000E   0081           00226     MOVWF               OPTION_REG;CONFIGURO EL PRESCALER AL TMR0 Y EN 16
                      00227 
                      00228     ;CONFIGURO INTERRUPCIONES POR RB0 Y TMR0
000F   1283           00229     BCF                 STATUS,RP0;VUELVO AL BANCO 0
0010   3038           00230     MOVLW               .56; 256-200=56, PORQUE CON 200 PULSOS T=3.2 ms, PARA 6 DISPLAYS, REFRESCO DE 19
                            .2ms F=52Hz
0011   0081           00231     MOVWF               TMR0
                      00232         
0012   30B0           00233     MOVLW               B'10110000';HABILITO GIE, T0IE Y INTE
0013   008B           00234     MOVWF               INTCON
                      00235     
                      00236     ;OTRAS CONFIGURACIONES
0014   3030           00237     MOVLW               0X30
0015   00A2           00238     MOVWF               POSICION
0016   3001           00239     MOVLW               B'00000001'
0017   00A3           00240     MOVWF               DIGIT_N
                      00241     ;VALORES INICIALES
0018   01B0           00242     CLRF                0X30
0019   01B1           00243     CLRF                0X31
MPASM 5.84                           7-3.ASM   5-18-2023  22:27:46         PAGE  6


LOC  OBJECT CODE     LINE SOURCE TEXT
  VALUE

001A   01B2           00244     CLRF                0X32
001B   01B3           00245     CLRF                0X33
001C   01B4           00246     CLRF                0X34
001D   01B5           00247     CLRF                0X35
                      00248     
                      00249     
001E                  00250 MAIN    
001E   2???           00251     GOTO                $
                      00252     
001F                  00253 ISR
                      00254     ;GUARDO CONTEXTO
001F   00A0           00255     MOVWF               W_AUX
0020   0E03           00256     SWAPF               STATUS,W
0021   00A1           00257     MOVWF               STATUS_AUX
                      00258     ;;;;;;;;;;;;;;;;;;;;;;;;;
                      00259     
0022   190B           00260     BTFSC               INTCON,T0IF
0023   2???           00261     CALL                TMR0_ISR
0024   188B           00262     BTFSC               INTCON,INTF
0025   2???           00263     CALL                INT_ISR
                      00264     
0026                  00265 FIN_ISR
                      00266     
                      00267     ;PONGO CONTEXTO
0026   0E21           00268     SWAPF               STATUS_AUX,W
0027   0083           00269     MOVWF               STATUS
0028   0EA0           00270     SWAPF               W_AUX,F
0029   0E20           00271     SWAPF               W_AUX,W
                      00272     
002A   0009           00273     RETFIE
                      00274     
                      00275 
                      00276 
002B                  00277 TMR0_ISR;REFRESCO DEL DISPLAY
002B   110B           00278     BCF                 INTCON,T0IF;LIMPIO BANDERA
002C   3038           00279     MOVLW               .56
002D   0081           00280     MOVWF               TMR0
                      00281     
002E   0823           00282     MOVF                DIGIT_N,W
002F   0085           00283     MOVWF               PORTA
0030   0822           00284     MOVF                POSICION,W
0031   0084           00285     MOVWF               FSR
                      00286     
0032   0800           00287     MOVF                INDF,W
0033   2???           00288     CALL                TABLA
0034   0087           00289     MOVWF               PORTC
0035   0AA2           00290     INCF                POSICION,F
0036   1003           00291     BCF                 STATUS,C
Message[305]: Using default destination of 1 (file).
0037   0DA3           00292     RLF                 DIGIT_N
                      00293     
0038   3036           00294     MOVLW               0X36
0039   0222           00295     SUBWF               POSICION,W
MPASM 5.84                           7-3.ASM   5-18-2023  22:27:46         PAGE  7


LOC  OBJECT CODE     LINE SOURCE TEXT
  VALUE

003A   1D03           00296     BTFSS               STATUS,Z
003B   0008           00297     RETURN
003C   3030           00298     MOVLW               0X30
003D   00A2           00299     MOVWF               POSICION
003E   3001           00300     MOVLW               B'00000001'
003F   00A3           00301     MOVWF               DIGIT_N
0040   0008           00302     RETURN
                      00303     
0041                  00304 INT_ISR
0041   108B           00305     BCF                 INTCON,INTF;LIMPIO BANDERA
                      00306    
0042   3030           00307     MOVLW               0X30
0043   0084           00308     MOVWF               FSR
0044                  00309 LAZO
0044   0A80           00310     INCF                INDF,F
0045   300A           00311     MOVLW               .10
0046   0200           00312     SUBWF               INDF,W
0047   1D03           00313     BTFSS               STATUS,Z
0048   0008           00314     RETURN              ;VUELVO CUANDO LE PUDE SUMAR 1 Y ES MENOR A 10
0049   0180           00315     CLRF                INDF
004A   0A84           00316     INCF                FSR,F
004B   3036           00317     MOVLW               0X36
004C   0204           00318     SUBWF               FSR,W
004D   1D03           00319     BTFSS               STATUS,Z
004E   2???           00320     GOTO                LAZO
004F   0008           00321     RETURN
                      00322     
                      00323     
                      00324     
                      00325     
                      00326     
                      00327     
0050                  00328 TABLA   
Message[305]: Using default destination of 1 (file).
0050   0782           00329     ADDWF               PCL
0051   3440           00330     RETLW               0x40
0052   3479           00331     RETLW               0x79
0053   3424           00332     RETLW               0x24        
0054   3430           00333     RETLW               0x30
0055   3419           00334     RETLW               0x19
0056   3412           00335     RETLW               0x12
0057   3402           00336     RETLW               0x02
0058   3478           00337     RETLW               0x78
0059   3400           00338     RETLW               0x00
005A   3418           00339     RETLW               0x18
                      00340     
                      00341     
3FD7 3FFF             00342     END
MPASM 5.84                           7-3.ASM   5-18-2023  22:27:46         PAGE  8


SYMBOL TABLE
  LABEL                             VALUE 

ABDEN                             00000000
ABDOVF                            00000007
ACKDT                             00000005
ACKEN                             00000004
ACKSTAT                           00000006
ADCON0                            0000001F
ADCON1                            0000009F
ADCS0                             00000006
ADCS1                             00000007
ADDEN                             00000003
ADFM                              00000007
ADIE                              00000006
ADIF                              00000006
ADON                              00000000
ADRESH                            0000001E
ADRESL                            0000009E
ANS0                              00000000
ANS1                              00000001
ANS10                             00000002
ANS11                             00000003
ANS12                             00000004
ANS13                             00000005
ANS2                              00000002
ANS3                              00000003
ANS4                              00000004
ANS5                              00000005
ANS6                              00000006
ANS7                              00000007
ANS8                              00000000
ANS9                              00000001
ANSEL                             00000188
ANSELH                            00000189
BAUDCTL                           00000187
BCLIE                             00000003
BCLIF                             00000003
BF                                00000000
BRG0                              00000000
BRG1                              00000001
BRG10                             00000002
BRG11                             00000003
BRG12                             00000004
BRG13                             00000005
BRG14                             00000006
BRG15                             00000007
BRG16                             00000003
BRG2                              00000002
BRG3                              00000003
BRG4                              00000004
BRG5                              00000005
BRG6                              00000006
BRG7                              00000007
BRG8                              00000000
BRG9                              00000001
MPASM 5.84                           7-3.ASM   5-18-2023  22:27:46         PAGE  9


SYMBOL TABLE
  LABEL                             VALUE 

BRGH                              00000002
C                                 00000000
C1CH0                             00000000
C1CH1                             00000001
C1IE                              00000005
C1IF                              00000005
C1OE                              00000005
C1ON                              00000007
C1OUT                             00000006
C1POL                             00000004
C1R                               00000002
C1RSEL                            00000005
C1SEN                             00000005
C2CH0                             00000000
C2CH1                             00000001
C2IE                              00000006
C2IF                              00000006
C2OE                              00000005
C2ON                              00000007
C2OUT                             00000006
C2POL                             00000004
C2R                               00000002
C2REN                             00000004
C2RSEL                            00000004
C2SYNC                            00000000
CCP1CON                           00000017
CCP1IE                            00000002
CCP1IF                            00000002
CCP1M0                            00000000
CCP1M1                            00000001
CCP1M2                            00000002
CCP1M3                            00000003
CCP1X                             00000005
CCP1Y                             00000004
CCP2CON                           0000001D
CCP2IE                            00000000
CCP2IF                            00000000
CCP2M0                            00000000
CCP2M1                            00000001
CCP2M2                            00000002
CCP2M3                            00000003
CCP2X                             00000005
CCP2Y                             00000004
CCPR1                             00000015
CCPR1H                            00000016
CCPR1L                            00000015
CCPR2                             0000001B
CCPR2H                            0000001C
CCPR2L                            0000001B
CHS0                              00000002
CHS1                              00000003
CHS2                              00000004
CHS3                              00000005
MPASM 5.84                           7-3.ASM   5-18-2023  22:27:46         PAGE 10


SYMBOL TABLE
  LABEL                             VALUE 

CKE                               00000006
CKP                               00000004
CM1CON0                           00000107
CM2CON0                           00000108
CM2CON1                           00000109
CONFI                             00000005
CREN                              00000004
CSRC                              00000007
D                                 00000005
DATA_ADDRESS                      00000005
DC                                00000001
DC1B0                             00000004
DC1B1                             00000005
DC2B0                             00000004
DC2B1                             00000005
DIGIT_N                           00000023
D_A                               00000005
D_NOT_A                           00000005
ECCPAS                            0000009C
ECCPAS0                           00000004
ECCPAS1                           00000005
ECCPAS2                           00000006
ECCPASE                           00000007
EEADR                             0000010D
EEADRH                            0000010F
EECON1                            0000018C
EECON2                            0000018D
EEDAT                             0000010C
EEDATA                            0000010C
EEDATH                            0000010E
EEIE                              00000004
EEIF                              00000004
EEPGD                             00000007
F                                 00000001
FERR                              00000002
FIN_ISR                           00000026
FSR                               00000004
FVREN                             00000000
GCEN                              00000007
GIE                               00000007
GO                                00000001
GO_DONE                           00000001
GO_NOT_DONE                       00000001
HTS                               00000002
I2C_DATA                          00000005
I2C_READ                          00000002
I2C_START                         00000003
I2C_STOP                          00000004
INDF                              00000000
INTCON                            0000000B
INTE                              00000004
INTEDG                            00000006
INTF                              00000001
MPASM 5.84                           7-3.ASM   5-18-2023  22:27:46         PAGE 11


SYMBOL TABLE
  LABEL                             VALUE 

INT_ISR                           00000041
IOCB                              00000096
IOCB0                             00000000
IOCB1                             00000001
IOCB2                             00000002
IOCB3                             00000003
IOCB4                             00000004
IOCB5                             00000005
IOCB6                             00000006
IOCB7                             00000007
IRCF0                             00000004
IRCF1                             00000005
IRCF2                             00000006
IRP                               00000007
ISR                               0000001F
LAZO                              00000044
LTS                               00000001
MAIN                              0000001E
MC1OUT                            00000007
MC2OUT                            00000006
MSK                               00000093
MSK0                              00000000
MSK1                              00000001
MSK2                              00000002
MSK3                              00000003
MSK4                              00000004
MSK5                              00000005
MSK6                              00000006
MSK7                              00000007
NOT_A                             00000005
NOT_ADDRESS                       00000005
NOT_BO                            00000000
NOT_BOR                           00000000
NOT_DONE                          00000001
NOT_PD                            00000003
NOT_POR                           00000001
NOT_RBPU                          00000007
NOT_RC8                           00000006
NOT_T1SYNC                        00000002
NOT_TO                            00000004
NOT_TX8                           00000006
NOT_W                             00000002
NOT_WRITE                         00000002
OERR                              00000001
OPTION_REG                        00000081
OSCCON                            0000008F
OSCTUNE                           00000090
OSFIE                             00000007
OSFIF                             00000007
OSTS                              00000003
P                                 00000004
P1M0                              00000006
P1M1                              00000007
MPASM 5.84                           7-3.ASM   5-18-2023  22:27:46         PAGE 12


SYMBOL TABLE
  LABEL                             VALUE 

PCL                               00000002
PCLATH                            0000000A
PCON                              0000008E
PDC0                              00000000
PDC1                              00000001
PDC2                              00000002
PDC3                              00000003
PDC4                              00000004
PDC5                              00000005
PDC6                              00000006
PEIE                              00000006
PEN                               00000002
PIE1                              0000008C
PIE2                              0000008D
PIR1                              0000000C
PIR2                              0000000D
PORTA                             00000005
PORTB                             00000006
PORTC                             00000007
PORTD                             00000008
PORTE                             00000009
POSICION                          00000022
PR2                               00000092
PRSEN                             00000007
PS0                               00000000
PS1                               00000001
PS2                               00000002
PSA                               00000003
PSSAC0                            00000002
PSSAC1                            00000003
PSSBD0                            00000000
PSSBD1                            00000001
PSTRCON                           0000009D
PULSR                             00000002
PULSS                             00000003
PWM1CON                           0000009B
R                                 00000002
RA0                               00000000
RA1                               00000001
RA2                               00000002
RA3                               00000003
RA4                               00000004
RA5                               00000005
RA6                               00000006
RA7                               00000007
RB0                               00000000
RB1                               00000001
RB2                               00000002
RB3                               00000003
RB4                               00000004
RB5                               00000005
RB6                               00000006
RB7                               00000007
MPASM 5.84                           7-3.ASM   5-18-2023  22:27:46         PAGE 13


SYMBOL TABLE
  LABEL                             VALUE 

RBIE                              00000003
RBIF                              00000000
RC0                               00000000
RC1                               00000001
RC2                               00000002
RC3                               00000003
RC4                               00000004
RC5                               00000005
RC6                               00000006
RC7                               00000007
RC8_9                             00000006
RC9                               00000006
RCD8                              00000000
RCEN                              00000003
RCIDL                             00000006
RCIE                              00000005
RCIF                              00000005
RCREG                             0000001A
RCSTA                             00000018
RD                                00000000
RD0                               00000000
RD1                               00000001
RD2                               00000002
RD3                               00000003
RD4                               00000004
RD5                               00000005
RD6                               00000006
RD7                               00000007
RE0                               00000000
RE1                               00000001
RE2                               00000002
RE3                               00000003
READ_WRITE                        00000002
RP0                               00000005
RP1                               00000006
RSEN                              00000001
RX9                               00000006
RX9D                              00000000
R_NOT_W                           00000002
R_W                               00000002
S                                 00000003
SBOREN                            00000004
SCKP                              00000004
SCS                               00000000
SEN                               00000000
SENDB                             00000003
SMP                               00000007
SPBRG                             00000099
SPBRGH                            0000009A
SPEN                              00000007
SR0                               00000006
SR1                               00000007
SRCON                             00000185
MPASM 5.84                           7-3.ASM   5-18-2023  22:27:46         PAGE 14


SYMBOL TABLE
  LABEL                             VALUE 

SREN                              00000005
SSPADD                            00000093
SSPBUF                            00000013
SSPCON                            00000014
SSPCON2                           00000091
SSPEN                             00000005
SSPIE                             00000003
SSPIF                             00000003
SSPM0                             00000000
SSPM1                             00000001
SSPM2                             00000002
SSPM3                             00000003
SSPMSK                            00000093
SSPOV                             00000006
SSPSTAT                           00000094
STATUS                            00000003
STATUS_AUX                        00000021
STRA                              00000000
STRB                              00000001
STRC                              00000002
STRD                              00000003
STRSYNC                           00000004
SWDTEN                            00000000
SYNC                              00000004
T0CS                              00000005
T0IE                              00000005
T0IF                              00000002
T0SE                              00000004
T1CKPS0                           00000004
T1CKPS1                           00000005
T1CON                             00000010
T1GINV                            00000007
T1GIV                             00000007
T1GSS                             00000001
T1INSYNC                          00000002
T1OSCEN                           00000003
T1SYNC                            00000002
T2CKPS0                           00000000
T2CKPS1                           00000001
T2CON                             00000012
TABLA                             00000050
TMR0                              00000001
TMR0IE                            00000005
TMR0IF                            00000002
TMR0_ISR                          0000002B
TMR1                              0000000E
TMR1CS                            00000001
TMR1GE                            00000006
TMR1H                             0000000F
TMR1IE                            00000000
TMR1IF                            00000000
TMR1L                             0000000E
TMR1ON                            00000000
MPASM 5.84                           7-3.ASM   5-18-2023  22:27:46         PAGE 15


SYMBOL TABLE
  LABEL                             VALUE 

TMR2                              00000011
TMR2IE                            00000001
TMR2IF                            00000001
TMR2ON                            00000002
TOUTPS0                           00000003
TOUTPS1                           00000004
TOUTPS2                           00000005
TOUTPS3                           00000006
TRISA                             00000085
TRISA0                            00000000
TRISA1                            00000001
TRISA2                            00000002
TRISA3                            00000003
TRISA4                            00000004
TRISA5                            00000005
TRISA6                            00000006
TRISA7                            00000007
TRISB                             00000086
TRISB0                            00000000
TRISB1                            00000001
TRISB2                            00000002
TRISB3                            00000003
TRISB4                            00000004
TRISB5                            00000005
TRISB6                            00000006
TRISB7                            00000007
TRISC                             00000087
TRISC0                            00000000
TRISC1                            00000001
TRISC2                            00000002
TRISC3                            00000003
TRISC4                            00000004
TRISC5                            00000005
TRISC6                            00000006
TRISC7                            00000007
TRISD                             00000088
TRISD0                            00000000
TRISD1                            00000001
TRISD2                            00000002
TRISD3                            00000003
TRISD4                            00000004
TRISD5                            00000005
TRISD6                            00000006
TRISD7                            00000007
TRISE                             00000089
TRISE0                            00000000
TRISE1                            00000001
TRISE2                            00000002
TRISE3                            00000003
TRMT                              00000001
TUN0                              00000000
TUN1                              00000001
TUN2                              00000002
MPASM 5.84                           7-3.ASM   5-18-2023  22:27:46         PAGE 16


SYMBOL TABLE
  LABEL                             VALUE 

TUN3                              00000003
TUN4                              00000004
TX8_9                             00000006
TX9                               00000006
TX9D                              00000000
TXD8                              00000000
TXEN                              00000005
TXIE                              00000004
TXIF                              00000004
TXREG                             00000019
TXSTA                             00000098
UA                                00000001
ULPWUE                            00000005
ULPWUIE                           00000002
ULPWUIF                           00000002
VCFG0                             00000004
VCFG1                             00000005
VR0                               00000000
VR1                               00000001
VR2                               00000002
VR3                               00000003
VRCON                             00000097
VREN                              00000007
VROE                              00000006
VRR                               00000005
VRSS                              00000004
W                                 00000000
WCOL                              00000007
WDTCON                            00000105
WDTPS0                            00000001
WDTPS1                            00000002
WDTPS2                            00000003
WDTPS3                            00000004
WPUB                              00000095
WPUB0                             00000000
WPUB1                             00000001
WPUB2                             00000002
WPUB3                             00000003
WPUB4                             00000004
WPUB5                             00000005
WPUB6                             00000006
WPUB7                             00000007
WR                                00000001
WREN                              00000002
WRERR                             00000003
WUE                               00000001
W_AUX                             00000020
Z                                 00000002
_.org_2_001E                      0000001E
_BOR21V                           00003EFF
_BOR40V                           00003FFF
_BOR4V_BOR21V                     00003EFF
_BOR4V_BOR40V                     00003FFF
MPASM 5.84                           7-3.ASM   5-18-2023  22:27:46         PAGE 17


SYMBOL TABLE
  LABEL                             VALUE 

_BOREN_NSLEEP                     00003EFF
_BOREN_OFF                        00003CFF
_BOREN_ON                         00003FFF
_BOREN_SBODEN                     00003DFF
_BOR_NSLEEP                       00003EFF
_BOR_OFF                          00003CFF
_BOR_ON                           00003FFF
_BOR_SBODEN                       00003DFF
_CONFIG1                          00002007
_CONFIG2                          00002008
_CPD_OFF                          00003FFF
_CPD_ON                           00003F7F
_CP_OFF                           00003FFF
_CP_ON                            00003FBF
_DEBUG_OFF                        00003FFF
_DEBUG_ON                         00001FFF
_DEVID1                           00002006
_EC_OSC                           00003FFB
_EXTRC                            00003FFF
_EXTRCIO                          00003FFE
_EXTRC_OSC_CLKOUT                 00003FFF
_EXTRC_OSC_NOCLKOUT               00003FFE
_FCMEN_OFF                        000037FF
_FCMEN_ON                         00003FFF
_FOSC_EC                          00003FFB
_FOSC_EXTRC_CLKOUT                00003FFF
_FOSC_EXTRC_NOCLKOUT              00003FFE
_FOSC_HS                          00003FFA
_FOSC_INTRC_CLKOUT                00003FFD
_FOSC_INTRC_NOCLKOUT              00003FFC
_FOSC_LP                          00003FF8
_FOSC_XT                          00003FF9
_HS_OSC                           00003FFA
_IDLOC0                           00002000
_IDLOC1                           00002001
_IDLOC2                           00002002
_IDLOC3                           00002003
_IESO_OFF                         00003BFF
_IESO_ON                          00003FFF
_INTOSC                           00003FFD
_INTOSCIO                         00003FFC
_INTRC_OSC_CLKOUT                 00003FFD
_INTRC_OSC_NOCLKOUT               00003FFC
_LP_OSC                           00003FF8
_LVP_OFF                          00002FFF
_LVP_ON                           00003FFF
_MCLRE_OFF                        00003FDF
_MCLRE_ON                         00003FFF
_PWRTE_OFF                        00003FFF
_PWRTE_ON                         00003FEF
_WDTE_OFF                         00003FF7
_WDTE_ON                          00003FFF
_WDT_OFF                          00003FF7
MPASM 5.84                           7-3.ASM   5-18-2023  22:27:46         PAGE 18


SYMBOL TABLE
  LABEL                             VALUE 

_WDT_ON                           00003FFF
_WRT_1FOURTH                      00003BFF
_WRT_256                          00003DFF
_WRT_HALF                         000039FF
_WRT_OFF                          00003FFF
_XT_OSC                           00003FF9
__16F887                          00000001

Errors   :     0
Warnings :     3 reported,     0 suppressed
Messages :     8 reported,     0 suppressed

