Warning[207] C:\USERS\MANU\DESKTOP\ASSEMBLER\7-1.X\7-1.ASM 18 : Found label after column 1. (COL_ON)
Warning[207] C:\USERS\MANU\DESKTOP\ASSEMBLER\7-1.X\7-1.ASM 19 : Found label after column 1. (COL_ON_AUX)
Warning[207] C:\USERS\MANU\DESKTOP\ASSEMBLER\7-1.X\7-1.ASM 20 : Found label after column 1. (COLUMN)
Warning[207] C:\USERS\MANU\DESKTOP\ASSEMBLER\7-1.X\7-1.ASM 21 : Found label after column 1. (ROW)
Warning[207] C:\USERS\MANU\DESKTOP\ASSEMBLER\7-1.X\7-1.ASM 22 : Found label after column 1. (MAX_COL)
Warning[207] C:\USERS\MANU\DESKTOP\ASSEMBLER\7-1.X\7-1.ASM 23 : Found label after column 1. (MAX_ROW)
Warning[207] C:\USERS\MANU\DESKTOP\ASSEMBLER\7-1.X\7-1.ASM 24 : Found label after column 1. (BUFF_INIT)
Warning[207] C:\USERS\MANU\DESKTOP\ASSEMBLER\7-1.X\7-1.ASM 25 : Found label after column 1. (BUFF_LIM)
Warning[207] C:\USERS\MANU\DESKTOP\ASSEMBLER\7-1.X\7-1.ASM 26 : Found label after column 1. (BUFF_W)
Warning[207] C:\USERS\MANU\DESKTOP\ASSEMBLER\7-1.X\7-1.ASM 27 : Found label after column 1. (AUX)
Warning[207] C:\USERS\MANU\DESKTOP\ASSEMBLER\7-1.X\7-1.ASM 28 : Found label after column 1. (STATUS_TEMP)
Warning[207] C:\USERS\MANU\DESKTOP\ASSEMBLER\7-1.X\7-1.ASM 29 : Found label after column 1. (W_TEMP)
Message[302] C:\USERS\MANU\DESKTOP\ASSEMBLER\7-1.X\7-1.ASM 51 : Register in operand not in bank 0.  Ensure that bank bits are correct.
Message[302] C:\USERS\MANU\DESKTOP\ASSEMBLER\7-1.X\7-1.ASM 53 : Register in operand not in bank 0.  Ensure that bank bits are correct.
Message[302] C:\USERS\MANU\DESKTOP\ASSEMBLER\7-1.X\7-1.ASM 56 : Register in operand not in bank 0.  Ensure that bank bits are correct.
Message[302] C:\USERS\MANU\DESKTOP\ASSEMBLER\7-1.X\7-1.ASM 59 : Register in operand not in bank 0.  Ensure that bank bits are correct.
Message[302] C:\USERS\MANU\DESKTOP\ASSEMBLER\7-1.X\7-1.ASM 62 : Register in operand not in bank 0.  Ensure that bank bits are correct.
Message[302] C:\USERS\MANU\DESKTOP\ASSEMBLER\7-1.X\7-1.ASM 65 : Register in operand not in bank 0.  Ensure that bank bits are correct.
Message[305] C:\USERS\MANU\DESKTOP\ASSEMBLER\7-1.X\7-1.ASM 74 : Using default destination of 1 (file).
Warning[207] C:\USERS\MANU\DESKTOP\ASSEMBLER\7-1.X\7-1.ASM 136 : Found label after column 1. (TEST)
Message[305] C:\USERS\MANU\DESKTOP\ASSEMBLER\7-1.X\7-1.ASM 154 : Using default destination of 1 (file).
